{"/home/travis/build/npmtest/node-npmtest-string/test.js":{"path":"/home/travis/build/npmtest/node-npmtest-string/test.js","s":{"1":2,"2":2,"3":2,"4":2,"5":2,"6":2,"7":2,"8":1,"9":2,"10":2,"11":1,"12":1,"13":1,"14":1,"15":2,"16":2,"17":2,"18":2,"19":1,"20":1,"21":2,"22":2,"23":2,"24":1,"25":1,"26":1,"27":1,"28":1,"29":1,"30":1,"31":1,"32":1,"33":1,"34":1,"35":1,"36":1,"37":1,"38":1,"39":2,"40":2,"41":1,"42":2,"43":2,"44":1,"45":2,"46":2,"47":1,"48":2,"49":2,"50":1,"51":1,"52":1,"53":1,"54":1},"b":{"1":[2,1,1,1],"2":[1,1,1,1],"3":[1,1],"4":[1,1],"5":[1,1],"6":[1,1],"7":[1,1],"8":[1,1],"9":[1,1],"10":[1,1,1],"11":[1,1],"12":[1,1],"13":[1,1],"14":[1,1],"15":[1,1],"16":[1,1],"17":[1,1]},"f":{"1":2,"2":2,"3":2,"4":2,"5":2,"6":1,"7":1,"8":1,"9":2,"10":2,"11":2,"12":2,"13":1},"fnMap":{"1":{"name":"(anonymous_1)","line":12,"loc":{"start":{"line":12,"column":1},"end":{"line":12,"column":13}}},"2":{"name":"(anonymous_2)","line":19,"loc":{"start":{"line":19,"column":5},"end":{"line":19,"column":17}}},"3":{"name":"(anonymous_3)","line":23,"loc":{"start":{"line":23,"column":24},"end":{"line":23,"column":36}}},"4":{"name":"(anonymous_4)","line":61,"loc":{"start":{"line":61,"column":5},"end":{"line":61,"column":17}}},"5":{"name":"(anonymous_5)","line":82,"loc":{"start":{"line":82,"column":5},"end":{"line":82,"column":17}}},"6":{"name":"(anonymous_6)","line":91,"loc":{"start":{"line":91,"column":77},"end":{"line":94,"column":10}}},"7":{"name":"(anonymous_7)","line":112,"loc":{"start":{"line":112,"column":83},"end":{"line":115,"column":10}},"skip":true},"8":{"name":"(anonymous_8)","line":123,"loc":{"start":{"line":123,"column":77},"end":{"line":126,"column":10}},"skip":true},"9":{"name":"(anonymous_9)","line":139,"loc":{"start":{"line":139,"column":12},"end":{"line":139,"column":40}},"skip":true},"10":{"name":"(anonymous_10)","line":147,"loc":{"start":{"line":147,"column":77},"end":{"line":150,"column":10}},"skip":true},"11":{"name":"(anonymous_11)","line":158,"loc":{"start":{"line":158,"column":83},"end":{"line":161,"column":10}},"skip":true},"12":{"name":"(anonymous_12)","line":169,"loc":{"start":{"line":169,"column":79},"end":{"line":172,"column":10}},"skip":true},"13":{"name":"(anonymous_13)","line":180,"loc":{"start":{"line":180,"column":75},"end":{"line":183,"column":10}},"skip":true}},"statementMap":{"1":{"start":{"line":12,"column":0},"end":{"line":195,"column":5}},"2":{"start":{"line":14,"column":4},"end":{"line":14,"column":14}},"3":{"start":{"line":19,"column":4},"end":{"line":56,"column":9}},"4":{"start":{"line":21,"column":8},"end":{"line":21,"column":19}},"5":{"start":{"line":23,"column":8},"end":{"line":35,"column":13}},"6":{"start":{"line":24,"column":12},"end":{"line":34,"column":13}},"7":{"start":{"line":25,"column":16},"end":{"line":28,"column":30}},"8":{"start":{"line":30,"column":16},"end":{"line":33,"column":27}},"9":{"start":{"line":37,"column":8},"end":{"line":39,"column":21}},"10":{"start":{"line":40,"column":8},"end":{"line":53,"column":9}},"11":{"start":{"line":43,"column":12},"end":{"line":46,"column":14}},"12":{"start":{"line":47,"column":12},"end":{"line":47,"column":18}},"13":{"start":{"line":50,"column":12},"end":{"line":51,"column":46}},"14":{"start":{"line":52,"column":12},"end":{"line":52,"column":18}},"15":{"start":{"line":55,"column":8},"end":{"line":55,"column":35}},"16":{"start":{"line":61,"column":4},"end":{"line":63,"column":9}},"17":{"start":{"line":62,"column":8},"end":{"line":62,"column":15}},"18":{"start":{"line":64,"column":4},"end":{"line":77,"column":5}},"19":{"start":{"line":70,"column":8},"end":{"line":70,"column":14}},"20":{"start":{"line":76,"column":8},"end":{"line":76,"column":14}},"21":{"start":{"line":82,"column":4},"end":{"line":84,"column":9}},"22":{"start":{"line":83,"column":8},"end":{"line":83,"column":15}},"23":{"start":{"line":85,"column":4},"end":{"line":194,"column":5}},"24":{"start":{"line":91,"column":8},"end":{"line":99,"column":10}},"25":{"start":{"line":98,"column":12},"end":{"line":98,"column":35}},"26":{"start":{"line":102,"column":8},"end":{"line":104,"column":63}},"27":{"start":{"line":105,"column":8},"end":{"line":105,"column":14}},"28":{"start":{"line":112,"column":8},"end":{"line":121,"column":10},"skip":true},"29":{"start":{"line":119,"column":12},"end":{"line":119,"column":55},"skip":true},"30":{"start":{"line":120,"column":12},"end":{"line":120,"column":48},"skip":true},"31":{"start":{"line":123,"column":8},"end":{"line":136,"column":10},"skip":true},"32":{"start":{"line":130,"column":12},"end":{"line":130,"column":76},"skip":true},"33":{"start":{"line":131,"column":12},"end":{"line":131,"column":73},"skip":true},"34":{"start":{"line":132,"column":12},"end":{"line":132,"column":74},"skip":true},"35":{"start":{"line":133,"column":12},"end":{"line":133,"column":79},"skip":true},"36":{"start":{"line":134,"column":12},"end":{"line":134,"column":25},"skip":true},"37":{"start":{"line":135,"column":12},"end":{"line":135,"column":45},"skip":true},"38":{"start":{"line":138,"column":8},"end":{"line":145,"column":14},"skip":true},"39":{"start":{"line":143,"column":16},"end":{"line":143,"column":29},"skip":true},"40":{"start":{"line":144,"column":16},"end":{"line":144,"column":55},"skip":true},"41":{"start":{"line":147,"column":8},"end":{"line":156,"column":10},"skip":true},"42":{"start":{"line":154,"column":12},"end":{"line":154,"column":25},"skip":true},"43":{"start":{"line":155,"column":12},"end":{"line":155,"column":45},"skip":true},"44":{"start":{"line":158,"column":8},"end":{"line":167,"column":10},"skip":true},"45":{"start":{"line":165,"column":12},"end":{"line":165,"column":25},"skip":true},"46":{"start":{"line":166,"column":12},"end":{"line":166,"column":48},"skip":true},"47":{"start":{"line":169,"column":8},"end":{"line":178,"column":10},"skip":true},"48":{"start":{"line":176,"column":12},"end":{"line":176,"column":25},"skip":true},"49":{"start":{"line":177,"column":12},"end":{"line":177,"column":46},"skip":true},"50":{"start":{"line":180,"column":8},"end":{"line":189,"column":10},"skip":true},"51":{"start":{"line":187,"column":12},"end":{"line":187,"column":94},"skip":true},"52":{"start":{"line":188,"column":12},"end":{"line":188,"column":48},"skip":true},"53":{"start":{"line":192,"column":8},"end":{"line":192,"column":35},"skip":true},"54":{"start":{"line":193,"column":8},"end":{"line":193,"column":14},"skip":true}},"branchMap":{"1":{"line":25,"type":"binary-expr","locations":[{"start":{"line":25,"column":23},"end":{"line":25,"column":62}},{"start":{"line":26,"column":20},"end":{"line":26,"column":70}},{"start":{"line":27,"column":20},"end":{"line":27,"column":71}},{"start":{"line":28,"column":20},"end":{"line":28,"column":29}}]},"2":{"line":30,"type":"binary-expr","locations":[{"start":{"line":30,"column":23},"end":{"line":30,"column":37}},{"start":{"line":31,"column":20},"end":{"line":31,"column":61}},{"start":{"line":32,"column":20},"end":{"line":32,"column":70}},{"start":{"line":33,"column":20},"end":{"line":33,"column":26}}]},"3":{"line":37,"type":"cond-expr","locations":[{"start":{"line":38,"column":14},"end":{"line":38,"column":20}},{"start":{"line":39,"column":14},"end":{"line":39,"column":20}}]},"4":{"line":40,"type":"switch","locations":[{"start":{"line":42,"column":8},"end":{"line":47,"column":18}},{"start":{"line":49,"column":8},"end":{"line":52,"column":18}}]},"5":{"line":44,"type":"binary-expr","locations":[{"start":{"line":44,"column":16},"end":{"line":44,"column":44}},{"start":{"line":44,"column":48},"end":{"line":44,"column":66}}]},"6":{"line":50,"type":"binary-expr","locations":[{"start":{"line":50,"column":21},"end":{"line":50,"column":49}},{"start":{"line":50,"column":53},"end":{"line":50,"column":72}}]},"7":{"line":64,"type":"switch","locations":[{"start":{"line":69,"column":4},"end":{"line":70,"column":14}},{"start":{"line":75,"column":4},"end":{"line":76,"column":14}}]},"8":{"line":85,"type":"switch","locations":[{"start":{"line":90,"column":4},"end":{"line":105,"column":14}},{"start":{"line":111,"column":4},"end":{"line":193,"column":14},"skip":true}]},"9":{"line":91,"type":"binary-expr","locations":[{"start":{"line":91,"column":42},"end":{"line":91,"column":73}},{"start":{"line":91,"column":77},"end":{"line":99,"column":9}}]},"10":{"line":102,"type":"binary-expr","locations":[{"start":{"line":102,"column":18},"end":{"line":102,"column":32}},{"start":{"line":103,"column":12},"end":{"line":103,"column":53}},{"start":{"line":104,"column":12},"end":{"line":104,"column":61}}]},"11":{"line":112,"type":"binary-expr","locations":[{"start":{"line":112,"column":45},"end":{"line":112,"column":79},"skip":true},{"start":{"line":112,"column":83},"end":{"line":121,"column":9},"skip":true}]},"12":{"line":123,"type":"binary-expr","locations":[{"start":{"line":123,"column":42},"end":{"line":123,"column":73},"skip":true},{"start":{"line":123,"column":77},"end":{"line":136,"column":9},"skip":true}]},"13":{"line":138,"type":"binary-expr","locations":[{"start":{"line":138,"column":48},"end":{"line":138,"column":85},"skip":true},{"start":{"line":139,"column":12},"end":{"line":145,"column":13},"skip":true}]},"14":{"line":147,"type":"binary-expr","locations":[{"start":{"line":147,"column":42},"end":{"line":147,"column":73},"skip":true},{"start":{"line":147,"column":77},"end":{"line":156,"column":9},"skip":true}]},"15":{"line":158,"type":"binary-expr","locations":[{"start":{"line":158,"column":45},"end":{"line":158,"column":79},"skip":true},{"start":{"line":158,"column":83},"end":{"line":167,"column":9},"skip":true}]},"16":{"line":169,"type":"binary-expr","locations":[{"start":{"line":169,"column":43},"end":{"line":169,"column":75},"skip":true},{"start":{"line":169,"column":79},"end":{"line":178,"column":9},"skip":true}]},"17":{"line":180,"type":"binary-expr","locations":[{"start":{"line":180,"column":41},"end":{"line":180,"column":71},"skip":true},{"start":{"line":180,"column":75},"end":{"line":189,"column":9},"skip":true}]}},"code":["/* istanbul instrument in package npmtest_string */","/*jslint","    bitwise: true,","    browser: true,","    maxerr: 8,","    maxlen: 96,","    node: true,","    nomen: true,","    regexp: true,","    stupid: true","*/","(function () {","    'use strict';","    var local;","","","","    // run shared js-env code - pre-init","    (function () {","        // init local","        local = {};","        // init modeJs","        local.modeJs = (function () {","            try {","                return typeof navigator.userAgent === 'string' &&","                    typeof document.querySelector('body') === 'object' &&","                    typeof XMLHttpRequest.prototype.open === 'function' &&","                    'browser';","            } catch (errorCaughtBrowser) {","                return module.exports &&","                    typeof process.versions.node === 'string' &&","                    typeof require('http').createServer === 'function' &&","                    'node';","            }","        }());","        // init global","        local.global = local.modeJs === 'browser'","            ? window","            : global;","        switch (local.modeJs) {","        // re-init local from window.local","        case 'browser':","            local = local.global.utility2.objectSetDefault(","                local.global.utility2_rollup || local.global.local,","                local.global.utility2","            );","            break;","        // re-init local from example.js","        case 'node':","            local = (local.global.utility2_rollup || require('utility2'))","                .requireExampleJsFromReadme();","            break;","        }","        // export local","        local.global.local = local;","    }());","","","","    // run shared js-env code - function","    (function () {","        return;","    }());","    switch (local.modeJs) {","","","","    // run browser js-env code - function","    case 'browser':","        break;","","","","    // run node js-env code - function","    case 'node':","        break;","    }","","","","    // run shared js-env code - post-init","    (function () {","        return;","    }());","    switch (local.modeJs) {","","","","    // run browser js-env code - post-init","    case 'browser':","        local.testCase_browser_nullCase = local.testCase_browser_nullCase || function (","            options,","            onError","        ) {","        /*","         * this function will test browsers's null-case handling-behavior-behavior","         */","            onError(null, options);","        };","","        // run tests","        local.nop(local.modeTest &&","            document.querySelector('#testRunButton1') &&","            document.querySelector('#testRunButton1').click());","        break;","","","","    // run node js-env code - post-init","    /* istanbul ignore next */","    case 'node':","        local.testCase_buildApidoc_default = local.testCase_buildApidoc_default || function (","            options,","            onError","        ) {","        /*","         * this function will test buildApidoc's default handling-behavior-behavior","         */","            options = { modulePathList: module.paths };","            local.buildApidoc(options, onError);","        };","","        local.testCase_buildApp_default = local.testCase_buildApp_default || function (","            options,","            onError","        ) {","        /*","         * this function will test buildApp's default handling-behavior-behavior","         */","            local.testCase_buildReadme_default(options, local.onErrorThrow);","            local.testCase_buildLib_default(options, local.onErrorThrow);","            local.testCase_buildTest_default(options, local.onErrorThrow);","            local.testCase_buildCustomOrg_default(options, local.onErrorThrow);","            options = [];","            local.buildApp(options, onError);","        };","","        local.testCase_buildCustomOrg_default = local.testCase_buildCustomOrg_default ||","            function (options, onError) {","            /*","             * this function will test buildCustomOrg's default handling-behavior","             */","                options = {};","                local.buildCustomOrg(options, onError);","            };","","        local.testCase_buildLib_default = local.testCase_buildLib_default || function (","            options,","            onError","        ) {","        /*","         * this function will test buildLib's default handling-behavior","         */","            options = {};","            local.buildLib(options, onError);","        };","","        local.testCase_buildReadme_default = local.testCase_buildReadme_default || function (","            options,","            onError","        ) {","        /*","         * this function will test buildReadme's default handling-behavior-behavior","         */","            options = {};","            local.buildReadme(options, onError);","        };","","        local.testCase_buildTest_default = local.testCase_buildTest_default || function (","            options,","            onError","        ) {","        /*","         * this function will test buildTest's default handling-behavior","         */","            options = {};","            local.buildTest(options, onError);","        };","","        local.testCase_webpage_default = local.testCase_webpage_default || function (","            options,","            onError","        ) {","        /*","         * this function will test webpage's default handling-behavior","         */","            options = { modeCoverageMerge: true, url: local.serverLocalHost + '?modeTest=1' };","            local.browserTest(options, onError);","        };","","        // run test-server","        local.testRunServer(local);","        break;","    }","}());",""],"l":{"12":2,"14":2,"19":2,"21":2,"23":2,"24":2,"25":2,"30":1,"37":2,"40":2,"43":1,"47":1,"50":1,"52":1,"55":2,"61":2,"62":2,"64":2,"70":1,"76":1,"82":2,"83":2,"85":2,"91":1,"98":1,"102":1,"105":1,"112":1,"119":1,"120":1,"123":1,"130":1,"131":1,"132":1,"133":1,"134":1,"135":1,"138":1,"143":2,"144":2,"147":1,"154":2,"155":2,"158":1,"165":2,"166":2,"169":1,"176":2,"177":2,"180":1,"187":1,"188":1,"192":1,"193":1}},"/home/travis/build/npmtest/node-npmtest-string/lib.npmtest_string.js":{"path":"/home/travis/build/npmtest/node-npmtest-string/lib.npmtest_string.js","s":{"1":2,"2":2,"3":2,"4":2,"5":2,"6":2,"7":2,"8":1,"9":2,"10":2,"11":2,"12":2,"13":1,"14":1,"15":1,"16":1},"b":{"1":[2,1,1,1],"2":[1,1,1,1],"3":[1,1],"4":[2,2],"5":[1,1]},"f":{"1":2,"2":2,"3":2},"fnMap":{"1":{"name":"(anonymous_1)","line":12,"loc":{"start":{"line":12,"column":1},"end":{"line":12,"column":13}}},"2":{"name":"(anonymous_2)","line":19,"loc":{"start":{"line":19,"column":5},"end":{"line":19,"column":17}}},"3":{"name":"(anonymous_3)","line":23,"loc":{"start":{"line":23,"column":24},"end":{"line":23,"column":36}}}},"statementMap":{"1":{"start":{"line":12,"column":0},"end":{"line":53,"column":5}},"2":{"start":{"line":14,"column":4},"end":{"line":14,"column":14}},"3":{"start":{"line":19,"column":4},"end":{"line":52,"column":9}},"4":{"start":{"line":21,"column":8},"end":{"line":21,"column":19}},"5":{"start":{"line":23,"column":8},"end":{"line":35,"column":13}},"6":{"start":{"line":24,"column":12},"end":{"line":34,"column":13}},"7":{"start":{"line":25,"column":16},"end":{"line":28,"column":30}},"8":{"start":{"line":30,"column":16},"end":{"line":33,"column":27}},"9":{"start":{"line":37,"column":8},"end":{"line":39,"column":21}},"10":{"start":{"line":41,"column":8},"end":{"line":41,"column":54}},"11":{"start":{"line":43,"column":8},"end":{"line":43,"column":51}},"12":{"start":{"line":45,"column":8},"end":{"line":51,"column":9}},"13":{"start":{"line":46,"column":12},"end":{"line":46,"column":57}},"14":{"start":{"line":48,"column":12},"end":{"line":48,"column":35}},"15":{"start":{"line":49,"column":12},"end":{"line":49,"column":49}},"16":{"start":{"line":50,"column":12},"end":{"line":50,"column":43}}},"branchMap":{"1":{"line":25,"type":"binary-expr","locations":[{"start":{"line":25,"column":23},"end":{"line":25,"column":62}},{"start":{"line":26,"column":20},"end":{"line":26,"column":70}},{"start":{"line":27,"column":20},"end":{"line":27,"column":71}},{"start":{"line":28,"column":20},"end":{"line":28,"column":29}}]},"2":{"line":30,"type":"binary-expr","locations":[{"start":{"line":30,"column":23},"end":{"line":30,"column":37}},{"start":{"line":31,"column":20},"end":{"line":31,"column":61}},{"start":{"line":32,"column":20},"end":{"line":32,"column":70}},{"start":{"line":33,"column":20},"end":{"line":33,"column":26}}]},"3":{"line":37,"type":"cond-expr","locations":[{"start":{"line":38,"column":14},"end":{"line":38,"column":20}},{"start":{"line":39,"column":14},"end":{"line":39,"column":20}}]},"4":{"line":41,"type":"binary-expr","locations":[{"start":{"line":41,"column":16},"end":{"line":41,"column":44}},{"start":{"line":41,"column":48},"end":{"line":41,"column":53}}]},"5":{"line":45,"type":"if","locations":[{"start":{"line":45,"column":8},"end":{"line":45,"column":8}},{"start":{"line":45,"column":8},"end":{"line":45,"column":8}}]}},"code":["/* istanbul instrument in package npmtest_string */","/*jslint","    bitwise: true,","    browser: true,","    maxerr: 8,","    maxlen: 96,","    node: true,","    nomen: true,","    regexp: true,","    stupid: true","*/","(function () {","    'use strict';","    var local;","","","","    // run shared js-env code - pre-init","    (function () {","        // init local","        local = {};","        // init modeJs","        local.modeJs = (function () {","            try {","                return typeof navigator.userAgent === 'string' &&","                    typeof document.querySelector('body') === 'object' &&","                    typeof XMLHttpRequest.prototype.open === 'function' &&","                    'browser';","            } catch (errorCaughtBrowser) {","                return module.exports &&","                    typeof process.versions.node === 'string' &&","                    typeof require('http').createServer === 'function' &&","                    'node';","            }","        }());","        // init global","        local.global = local.modeJs === 'browser'","            ? window","            : global;","        // init utility2_rollup","        local = local.global.utility2_rollup || local;","        // init lib","        local.local = local.npmtest_string = local;","        // init exports","        if (local.modeJs === 'browser') {","            local.global.utility2_npmtest_string = local;","        } else {","            module.exports = local;","            module.exports.__dirname = __dirname;","            module.exports.module = module;","        }","    }());","}());",""],"l":{"12":2,"14":2,"19":2,"21":2,"23":2,"24":2,"25":2,"30":1,"37":2,"41":2,"43":2,"45":2,"46":1,"48":1,"49":1,"50":1}},"/home/travis/build/npmtest/node-npmtest-string/example.js":{"path":"/home/travis/build/npmtest/node-npmtest-string/example.js","s":{"1":2,"2":2,"3":2,"4":2,"5":2,"6":2,"7":2,"8":1,"9":2,"10":2,"11":2,"12":2,"13":1,"14":2,"15":2,"16":2,"17":2,"18":2,"19":0,"20":2,"21":1,"22":1,"23":1,"24":1,"25":1,"26":0,"27":0,"28":1,"29":1,"30":2,"31":0,"32":0,"33":0,"34":1,"35":2,"36":2,"37":3,"38":3,"39":3,"40":3,"41":0,"42":3,"43":3,"44":3,"45":1,"46":3,"47":1,"48":1,"49":1,"50":1,"51":1,"52":1,"53":1,"54":1,"55":1,"56":1,"57":0,"58":1,"59":6,"60":6,"61":1,"62":2,"63":0,"64":2,"65":1,"66":1,"67":0,"68":0,"69":0,"70":0,"71":0,"72":0,"73":0,"74":0,"75":0,"76":0,"77":0,"78":0,"79":0,"80":0,"81":0,"82":0,"83":0},"b":{"1":[2,1,1,1],"2":[1,1,1,1],"3":[1,1],"4":[2,2],"5":[1,1],"6":[1,1],"7":[2,0],"8":[2,1,1,1,1,1],"9":[0,2,0],"10":[1,1],"11":[2,1,1],"12":[1,0],"13":[0,2],"14":[2,0,0,0,0,0,0],"15":[0,3],"16":[3,0],"17":[1,1],"18":[0,1],"19":[1,2,0,2],"20":[1,0],"21":[1,1],"22":[0,0],"23":[0,0],"24":[0,0],"25":[0,0],"26":[0,0],"27":[0,0],"28":[0,0]},"f":{"1":2,"2":2,"3":2,"4":2,"5":2,"6":2,"7":3,"8":3,"9":3,"10":1,"11":6,"12":0},"fnMap":{"1":{"name":"(anonymous_1)","line":26,"loc":{"start":{"line":26,"column":1},"end":{"line":26,"column":13}}},"2":{"name":"(anonymous_2)","line":33,"loc":{"start":{"line":33,"column":5},"end":{"line":33,"column":17}}},"3":{"name":"(anonymous_3)","line":37,"loc":{"start":{"line":37,"column":24},"end":{"line":37,"column":36}}},"4":{"name":"(anonymous_4)","line":69,"loc":{"start":{"line":69,"column":31},"end":{"line":69,"column":48}},"skip":true},"5":{"name":"(anonymous_5)","line":78,"loc":{"start":{"line":78,"column":26},"end":{"line":78,"column":45}},"skip":true},"6":{"name":"(anonymous_6)","line":123,"loc":{"start":{"line":123,"column":33},"end":{"line":123,"column":48}},"skip":true},"7":{"name":"(anonymous_7)","line":125,"loc":{"start":{"line":125,"column":27},"end":{"line":125,"column":39}},"skip":true},"8":{"name":"(anonymous_8)","line":133,"loc":{"start":{"line":133,"column":59},"end":{"line":133,"column":74}},"skip":true},"9":{"name":"(anonymous_9)","line":143,"loc":{"start":{"line":143,"column":45},"end":{"line":143,"column":62}},"skip":true},"10":{"name":"(anonymous_10)","line":144,"loc":{"start":{"line":144,"column":73},"end":{"line":144,"column":92}},"skip":true},"11":{"name":"(anonymous_11)","line":272,"loc":{"start":{"line":272,"column":51},"end":{"line":272,"column":77}},"skip":true},"12":{"name":"(anonymous_12)","line":315,"loc":{"start":{"line":315,"column":32},"end":{"line":315,"column":61}},"skip":true}},"statementMap":{"1":{"start":{"line":26,"column":0},"end":{"line":326,"column":5}},"2":{"start":{"line":28,"column":4},"end":{"line":28,"column":14}},"3":{"start":{"line":33,"column":4},"end":{"line":60,"column":9}},"4":{"start":{"line":35,"column":8},"end":{"line":35,"column":19}},"5":{"start":{"line":37,"column":8},"end":{"line":49,"column":13}},"6":{"start":{"line":38,"column":12},"end":{"line":48,"column":13}},"7":{"start":{"line":39,"column":16},"end":{"line":42,"column":30}},"8":{"start":{"line":44,"column":16},"end":{"line":47,"column":27}},"9":{"start":{"line":51,"column":8},"end":{"line":53,"column":21}},"10":{"start":{"line":55,"column":8},"end":{"line":57,"column":45}},"11":{"start":{"line":59,"column":8},"end":{"line":59,"column":35}},"12":{"start":{"line":61,"column":4},"end":{"line":325,"column":5}},"13":{"start":{"line":69,"column":8},"end":{"line":121,"column":10},"skip":true},"14":{"start":{"line":70,"column":12},"end":{"line":88,"column":13},"skip":true},"15":{"start":{"line":76,"column":16},"end":{"line":87,"column":19},"skip":true},"16":{"start":{"line":79,"column":20},"end":{"line":86,"column":21},"skip":true},"17":{"start":{"line":82,"column":24},"end":{"line":82,"column":43},"skip":true},"18":{"start":{"line":83,"column":24},"end":{"line":83,"column":30},"skip":true},"19":{"start":{"line":85,"column":24},"end":{"line":85,"column":49},"skip":true},"20":{"start":{"line":89,"column":12},"end":{"line":107,"column":13},"skip":true},"21":{"start":{"line":92,"column":16},"end":{"line":102,"column":17},"skip":true},"22":{"start":{"line":93,"column":20},"end":{"line":93,"column":86},"skip":true},"23":{"start":{"line":94,"column":20},"end":{"line":95,"column":45},"skip":true},"24":{"start":{"line":96,"column":20},"end":{"line":96,"column":42},"skip":true},"25":{"start":{"line":97,"column":20},"end":{"line":97,"column":48},"skip":true},"26":{"start":{"line":100,"column":20},"end":{"line":100,"column":85},"skip":true},"27":{"start":{"line":101,"column":20},"end":{"line":101,"column":96},"skip":true},"28":{"start":{"line":103,"column":16},"end":{"line":103,"column":22},"skip":true},"29":{"start":{"line":106,"column":16},"end":{"line":106,"column":22},"skip":true},"30":{"start":{"line":108,"column":12},"end":{"line":120,"column":13},"skip":true},"31":{"start":{"line":114,"column":16},"end":{"line":119,"column":17},"skip":true},"32":{"start":{"line":116,"column":20},"end":{"line":116,"column":78},"skip":true},"33":{"start":{"line":118,"column":20},"end":{"line":118,"column":47},"skip":true},"34":{"start":{"line":123,"column":8},"end":{"line":141,"column":11},"skip":true},"35":{"start":{"line":124,"column":12},"end":{"line":124,"column":54},"skip":true},"36":{"start":{"line":125,"column":12},"end":{"line":140,"column":14},"skip":true},"37":{"start":{"line":126,"column":16},"end":{"line":126,"column":28},"skip":true},"38":{"start":{"line":127,"column":16},"end":{"line":127,"column":69},"skip":true},"39":{"start":{"line":128,"column":16},"end":{"line":128,"column":75},"skip":true},"40":{"start":{"line":129,"column":16},"end":{"line":131,"column":17},"skip":true},"41":{"start":{"line":130,"column":20},"end":{"line":130,"column":27},"skip":true},"42":{"start":{"line":133,"column":16},"end":{"line":137,"column":36},"skip":true},"43":{"start":{"line":134,"column":20},"end":{"line":136,"column":55},"skip":true},"44":{"start":{"line":139,"column":16},"end":{"line":139,"column":57},"skip":true},"45":{"start":{"line":143,"column":8},"end":{"line":147,"column":11},"skip":true},"46":{"start":{"line":144,"column":12},"end":{"line":146,"column":15},"skip":true},"47":{"start":{"line":145,"column":16},"end":{"line":145,"column":70},"skip":true},"48":{"start":{"line":149,"column":8},"end":{"line":149,"column":31},"skip":true},"49":{"start":{"line":150,"column":8},"end":{"line":150,"column":14},"skip":true},"50":{"start":{"line":158,"column":8},"end":{"line":158,"column":31},"skip":true},"51":{"start":{"line":160,"column":8},"end":{"line":160,"column":33},"skip":true},"52":{"start":{"line":161,"column":8},"end":{"line":161,"column":37},"skip":true},"53":{"start":{"line":162,"column":8},"end":{"line":162,"column":35},"skip":true},"54":{"start":{"line":164,"column":8},"end":{"line":164,"column":50},"skip":true},"55":{"start":{"line":166,"column":8},"end":{"line":256,"column":2},"skip":true},"56":{"start":{"line":258,"column":8},"end":{"line":286,"column":9},"skip":true},"57":{"start":{"line":259,"column":12},"end":{"line":269,"column":14},"skip":true},"58":{"start":{"line":271,"column":12},"end":{"line":285,"column":19},"skip":true},"59":{"start":{"line":274,"column":20},"end":{"line":274,"column":35},"skip":true},"60":{"start":{"line":275,"column":20},"end":{"line":284,"column":21},"skip":true},"61":{"start":{"line":277,"column":24},"end":{"line":277,"column":64},"skip":true},"62":{"start":{"line":279,"column":24},"end":{"line":279,"column":40},"skip":true},"63":{"start":{"line":281,"column":24},"end":{"line":281,"column":40},"skip":true},"64":{"start":{"line":283,"column":24},"end":{"line":283,"column":39},"skip":true},"65":{"start":{"line":288,"column":8},"end":{"line":290,"column":9},"skip":true},"66":{"start":{"line":289,"column":12},"end":{"line":289,"column":18},"skip":true},"67":{"start":{"line":291,"column":8},"end":{"line":293,"column":54},"skip":true},"68":{"start":{"line":296,"column":8},"end":{"line":301,"column":37},"skip":true},"69":{"start":{"line":303,"column":8},"end":{"line":303,"column":82},"skip":true},"70":{"start":{"line":306,"column":8},"end":{"line":308,"column":9},"skip":true},"71":{"start":{"line":307,"column":12},"end":{"line":307,"column":82},"skip":true},"72":{"start":{"line":310,"column":8},"end":{"line":312,"column":9},"skip":true},"73":{"start":{"line":311,"column":12},"end":{"line":311,"column":18},"skip":true},"74":{"start":{"line":313,"column":8},"end":{"line":313,"column":54},"skip":true},"75":{"start":{"line":314,"column":8},"end":{"line":314,"column":69},"skip":true},"76":{"start":{"line":315,"column":8},"end":{"line":323,"column":36},"skip":true},"77":{"start":{"line":316,"column":12},"end":{"line":316,"column":61},"skip":true},"78":{"start":{"line":317,"column":12},"end":{"line":320,"column":13},"skip":true},"79":{"start":{"line":318,"column":16},"end":{"line":318,"column":75},"skip":true},"80":{"start":{"line":319,"column":16},"end":{"line":319,"column":23},"skip":true},"81":{"start":{"line":321,"column":12},"end":{"line":321,"column":38},"skip":true},"82":{"start":{"line":322,"column":12},"end":{"line":322,"column":27},"skip":true},"83":{"start":{"line":324,"column":8},"end":{"line":324,"column":14},"skip":true}},"branchMap":{"1":{"line":39,"type":"binary-expr","locations":[{"start":{"line":39,"column":23},"end":{"line":39,"column":62}},{"start":{"line":40,"column":20},"end":{"line":40,"column":70}},{"start":{"line":41,"column":20},"end":{"line":41,"column":71}},{"start":{"line":42,"column":20},"end":{"line":42,"column":29}}]},"2":{"line":44,"type":"binary-expr","locations":[{"start":{"line":44,"column":23},"end":{"line":44,"column":37}},{"start":{"line":45,"column":20},"end":{"line":45,"column":61}},{"start":{"line":46,"column":20},"end":{"line":46,"column":70}},{"start":{"line":47,"column":20},"end":{"line":47,"column":26}}]},"3":{"line":51,"type":"cond-expr","locations":[{"start":{"line":52,"column":14},"end":{"line":52,"column":20}},{"start":{"line":53,"column":14},"end":{"line":53,"column":20}}]},"4":{"line":55,"type":"binary-expr","locations":[{"start":{"line":55,"column":16},"end":{"line":55,"column":44}},{"start":{"line":55,"column":49},"end":{"line":57,"column":43}}]},"5":{"line":55,"type":"cond-expr","locations":[{"start":{"line":56,"column":14},"end":{"line":56,"column":50}},{"start":{"line":57,"column":14},"end":{"line":57,"column":43}}]},"6":{"line":61,"type":"switch","locations":[{"start":{"line":68,"column":4},"end":{"line":150,"column":14},"skip":true},{"start":{"line":156,"column":4},"end":{"line":324,"column":14},"skip":true}]},"7":{"line":70,"type":"if","locations":[{"start":{"line":70,"column":12},"end":{"line":70,"column":12},"skip":true},{"start":{"line":70,"column":12},"end":{"line":70,"column":12},"skip":true}]},"8":{"line":70,"type":"binary-expr","locations":[{"start":{"line":70,"column":16},"end":{"line":70,"column":22},"skip":true},{"start":{"line":70,"column":27},"end":{"line":70,"column":32},"skip":true},{"start":{"line":71,"column":20},"end":{"line":71,"column":39},"skip":true},{"start":{"line":72,"column":20},"end":{"line":72,"column":49},"skip":true},{"start":{"line":73,"column":20},"end":{"line":73,"column":58},"skip":true},{"start":{"line":74,"column":20},"end":{"line":74,"column":69},"skip":true}]},"9":{"line":79,"type":"switch","locations":[{"start":{"line":80,"column":20},"end":{"line":80,"column":33},"skip":true},{"start":{"line":81,"column":20},"end":{"line":83,"column":30},"skip":true},{"start":{"line":84,"column":20},"end":{"line":85,"column":49},"skip":true}]},"10":{"line":89,"type":"switch","locations":[{"start":{"line":90,"column":12},"end":{"line":103,"column":22},"skip":true},{"start":{"line":105,"column":12},"end":{"line":106,"column":22},"skip":true}]},"11":{"line":89,"type":"binary-expr","locations":[{"start":{"line":89,"column":20},"end":{"line":89,"column":25},"skip":true},{"start":{"line":89,"column":29},"end":{"line":89,"column":48},"skip":true},{"start":{"line":89,"column":52},"end":{"line":89,"column":74},"skip":true}]},"12":{"line":92,"type":"if","locations":[{"start":{"line":92,"column":16},"end":{"line":92,"column":16},"skip":true},{"start":{"line":92,"column":16},"end":{"line":92,"column":16},"skip":true}]},"13":{"line":108,"type":"if","locations":[{"start":{"line":108,"column":12},"end":{"line":108,"column":12},"skip":true},{"start":{"line":108,"column":12},"end":{"line":108,"column":12},"skip":true}]},"14":{"line":108,"type":"binary-expr","locations":[{"start":{"line":108,"column":16},"end":{"line":108,"column":61},"skip":true},{"start":{"line":108,"column":66},"end":{"line":108,"column":72},"skip":true},{"start":{"line":108,"column":77},"end":{"line":108,"column":82},"skip":true},{"start":{"line":109,"column":20},"end":{"line":109,"column":39},"skip":true},{"start":{"line":110,"column":20},"end":{"line":110,"column":49},"skip":true},{"start":{"line":111,"column":20},"end":{"line":111,"column":58},"skip":true},{"start":{"line":112,"column":20},"end":{"line":112,"column":68},"skip":true}]},"15":{"line":129,"type":"if","locations":[{"start":{"line":129,"column":16},"end":{"line":129,"column":16},"skip":true},{"start":{"line":129,"column":16},"end":{"line":129,"column":16},"skip":true}]},"16":{"line":134,"type":"cond-expr","locations":[{"start":{"line":135,"column":26},"end":{"line":135,"column":29},"skip":true},{"start":{"line":136,"column":26},"end":{"line":136,"column":54},"skip":true}]},"17":{"line":164,"type":"binary-expr","locations":[{"start":{"line":164,"column":27},"end":{"line":164,"column":43},"skip":true},{"start":{"line":164,"column":47},"end":{"line":164,"column":49},"skip":true}]},"18":{"line":258,"type":"if","locations":[{"start":{"line":258,"column":8},"end":{"line":258,"column":8},"skip":true},{"start":{"line":258,"column":8},"end":{"line":258,"column":8},"skip":true}]},"19":{"line":275,"type":"switch","locations":[{"start":{"line":276,"column":20},"end":{"line":277,"column":64},"skip":true},{"start":{"line":278,"column":20},"end":{"line":279,"column":40},"skip":true},{"start":{"line":280,"column":20},"end":{"line":281,"column":40},"skip":true},{"start":{"line":282,"column":20},"end":{"line":283,"column":39},"skip":true}]},"20":{"line":288,"type":"if","locations":[{"start":{"line":288,"column":8},"end":{"line":288,"column":8},"skip":true},{"start":{"line":288,"column":8},"end":{"line":288,"column":8},"skip":true}]},"21":{"line":288,"type":"binary-expr","locations":[{"start":{"line":288,"column":12},"end":{"line":288,"column":40},"skip":true},{"start":{"line":288,"column":44},"end":{"line":288,"column":67},"skip":true}]},"22":{"line":292,"type":"binary-expr","locations":[{"start":{"line":292,"column":12},"end":{"line":292,"column":50},"skip":true},{"start":{"line":293,"column":12},"end":{"line":293,"column":53},"skip":true}]},"23":{"line":297,"type":"binary-expr","locations":[{"start":{"line":297,"column":12},"end":{"line":297,"column":64},"skip":true},{"start":{"line":298,"column":12},"end":{"line":301,"column":36},"skip":true}]},"24":{"line":303,"type":"binary-expr","locations":[{"start":{"line":303,"column":43},"end":{"line":303,"column":75},"skip":true},{"start":{"line":303,"column":79},"end":{"line":303,"column":81},"skip":true}]},"25":{"line":306,"type":"if","locations":[{"start":{"line":306,"column":8},"end":{"line":306,"column":8},"skip":true},{"start":{"line":306,"column":8},"end":{"line":306,"column":8},"skip":true}]},"26":{"line":310,"type":"if","locations":[{"start":{"line":310,"column":8},"end":{"line":310,"column":8},"skip":true},{"start":{"line":310,"column":8},"end":{"line":310,"column":8},"skip":true}]},"27":{"line":313,"type":"binary-expr","locations":[{"start":{"line":313,"column":27},"end":{"line":313,"column":43},"skip":true},{"start":{"line":313,"column":47},"end":{"line":313,"column":53},"skip":true}]},"28":{"line":317,"type":"if","locations":[{"start":{"line":317,"column":12},"end":{"line":317,"column":12},"skip":true},{"start":{"line":317,"column":12},"end":{"line":317,"column":12},"skip":true}]}},"code":["/*","example.js","","quickstart example","","instruction","    1. save this script as example.js","    2. run the shell command:","        $ npm install npmtest-string && PORT=8081 node example.js","    3. play with the browser-demo on http://127.0.0.1:8081","*/","","","","/* istanbul instrument in package npmtest_string */","/*jslint","    bitwise: true,","    browser: true,","    maxerr: 8,","    maxlen: 96,","    node: true,","    nomen: true,","    regexp: true,","    stupid: true","*/","(function () {","    'use strict';","    var local;","","","","    // run shared js-env code - pre-init","    (function () {","        // init local","        local = {};","        // init modeJs","        local.modeJs = (function () {","            try {","                return typeof navigator.userAgent === 'string' &&","                    typeof document.querySelector('body') === 'object' &&","                    typeof XMLHttpRequest.prototype.open === 'function' &&","                    'browser';","            } catch (errorCaughtBrowser) {","                return module.exports &&","                    typeof process.versions.node === 'string' &&","                    typeof require('http').createServer === 'function' &&","                    'node';","            }","        }());","        // init global","        local.global = local.modeJs === 'browser'","            ? window","            : global;","        // init utility2_rollup","        local = local.global.utility2_rollup || (local.modeJs === 'browser'","            ? local.global.utility2_npmtest_string","            : global.utility2_moduleExports);","        // export local","        local.global.local = local;","    }());","    switch (local.modeJs) {","","","","    // post-init","    // run browser js-env code - post-init","    /* istanbul ignore next */","    case 'browser':","        local.testRunBrowser = function (event) {","            if (!event || (event &&","                    event.currentTarget &&","                    event.currentTarget.className &&","                    event.currentTarget.className.includes &&","                    event.currentTarget.className.includes('onreset'))) {","                // reset output","                Array.from(","                    document.querySelectorAll('body > .resettable')","                ).forEach(function (element) {","                    switch (element.tagName) {","                    case 'INPUT':","                    case 'TEXTAREA':","                        element.value = '';","                        break;","                    default:","                        element.textContent = '';","                    }","                });","            }","            switch (event && event.currentTarget && event.currentTarget.id) {","            case 'testRunButton1':","                // show tests","                if (document.querySelector('#testReportDiv1').style.display === 'none') {","                    document.querySelector('#testReportDiv1').style.display = 'block';","                    document.querySelector('#testRunButton1').textContent =","                        'hide internal test';","                    local.modeTest = true;","                    local.testRunDefault(local);","                // hide tests","                } else {","                    document.querySelector('#testReportDiv1').style.display = 'none';","                    document.querySelector('#testRunButton1').textContent = 'run internal test';","                }","                break;","            // custom-case","            default:","                break;","            }","            if (document.querySelector('#inputTextareaEval1') && (!event || (event &&","                    event.currentTarget &&","                    event.currentTarget.className &&","                    event.currentTarget.className.includes &&","                    event.currentTarget.className.includes('oneval')))) {","                // try to eval input-code","                try {","                    /*jslint evil: true*/","                    eval(document.querySelector('#inputTextareaEval1').value);","                } catch (errorCaught) {","                    console.error(errorCaught);","                }","            }","        };","        // log stderr and stdout to #outputTextareaStdout1","        ['error', 'log'].forEach(function (key) {","            console[key + '_original'] = console[key];","            console[key] = function () {","                var element;","                console[key + '_original'].apply(console, arguments);","                element = document.querySelector('#outputTextareaStdout1');","                if (!element) {","                    return;","                }","                // append text to #outputTextareaStdout1","                element.value += Array.from(arguments).map(function (arg) {","                    return typeof arg === 'string'","                        ? arg","                        : JSON.stringify(arg, null, 4);","                }).join(' ') + '\\n';","                // scroll textarea to bottom","                element.scrollTop = element.scrollHeight;","            };","        });","        // init event-handling","        ['change', 'click', 'keyup'].forEach(function (event) {","            Array.from(document.querySelectorAll('.on' + event)).forEach(function (element) {","                element.addEventListener(event, local.testRunBrowser);","            });","        });","        // run tests","        local.testRunBrowser();","        break;","","","","    // run node js-env code - post-init","    /* istanbul ignore next */","    case 'node':","        // export local","        module.exports = local;","        // require modules","        local.fs = require('fs');","        local.http = require('http');","        local.url = require('url');","        // init assets","        local.assetsDict = local.assetsDict || {};","        /* jslint-ignore-begin */","        local.assetsDict['/assets.index.template.html'] = '\\","<!doctype html>\\n\\","<html lang=\"en\">\\n\\","<head>\\n\\","<meta charset=\"UTF-8\">\\n\\","<meta name=\"viewport\" content=\"width=device-width, initial-scale=1\">\\n\\","<title>{{env.npm_package_name}} (v{{env.npm_package_version}})</title>\\n\\","<style>\\n\\","/*csslint\\n\\","    box-sizing: false,\\n\\","    universal-selector: false\\n\\","*/\\n\\","* {\\n\\","    box-sizing: border-box;\\n\\","}\\n\\","body {\\n\\","    background: #dde;\\n\\","    font-family: Arial, Helvetica, sans-serif;\\n\\","    margin: 2rem;\\n\\","}\\n\\","body > * {\\n\\","    margin-bottom: 1rem;\\n\\","}\\n\\",".utility2FooterDiv {\\n\\","    margin-top: 20px;\\n\\","    text-align: center;\\n\\","}\\n\\","</style>\\n\\","<style>\\n\\","/*csslint\\n\\","*/\\n\\","textarea {\\n\\","    font-family: monospace;\\n\\","    height: 10rem;\\n\\","    width: 100%;\\n\\","}\\n\\","textarea[readonly] {\\n\\","    background: #ddd;\\n\\","}\\n\\","</style>\\n\\","</head>\\n\\","<body>\\n\\","<!-- utility2-comment\\n\\","<div id=\"ajaxProgressDiv1\" style=\"background: #d00; height: 2px; left: 0; margin: 0; padding: 0; position: fixed; top: 0; transition: background 0.5s, width 1.5s; width: 25%;\"></div>\\n\\","utility2-comment -->\\n\\","<h1>\\n\\","<!-- utility2-comment\\n\\","    <a\\n\\","        {{#if env.npm_package_homepage}}\\n\\","        href=\"{{env.npm_package_homepage}}\"\\n\\","        {{/if env.npm_package_homepage}}\\n\\","        target=\"_blank\"\\n\\","    >\\n\\","utility2-comment -->\\n\\","        {{env.npm_package_name}} (v{{env.npm_package_version}})\\n\\","<!-- utility2-comment\\n\\","    </a>\\n\\","utility2-comment -->\\n\\","</h1>\\n\\","<h3>{{env.npm_package_description}}</h3>\\n\\","<!-- utility2-comment\\n\\","<h4><a download href=\"assets.app.js\">download standalone app</a></h4>\\n\\","<button class=\"onclick onreset\" id=\"testRunButton1\">run internal test</button><br>\\n\\","<div id=\"testReportDiv1\" style=\"display: none;\"></div>\\n\\","utility2-comment -->\\n\\","\\n\\","\\n\\","\\n\\","<label>stderr and stdout</label>\\n\\","<textarea class=\"resettable\" id=\"outputTextareaStdout1\" readonly></textarea>\\n\\","<!-- utility2-comment\\n\\","{{#if isRollup}}\\n\\","<script src=\"assets.app.js\"></script>\\n\\","{{#unless isRollup}}\\n\\","utility2-comment -->\\n\\","<script src=\"assets.utility2.rollup.js\"></script>\\n\\","<script src=\"jsonp.utility2._stateInit?callback=window.utility2._stateInit\"></script>\\n\\","<script src=\"assets.npmtest_string.rollup.js\"></script>\\n\\","<script src=\"assets.example.js\"></script>\\n\\","<script src=\"assets.test.js\"></script>\\n\\","<!-- utility2-comment\\n\\","{{/if isRollup}}\\n\\","utility2-comment -->\\n\\","<div class=\"utility2FooterDiv\">\\n\\","    [ this app was created with\\n\\","    <a href=\"https://github.com/kaizhu256/node-utility2\" target=\"_blank\">utility2</a>\\n\\","    ]\\n\\","</div>\\n\\","</body>\\n\\","</html>\\n\\","';","        /* jslint-ignore-end */","        if (local.templateRender) {","            local.assetsDict['/'] = local.templateRender(","                local.assetsDict['/assets.index.template.html'],","                {","                    env: local.objectSetDefault(local.env, {","                        npm_package_description: 'the greatest app in the world!',","                        npm_package_name: 'my-app',","                        npm_package_nameAlias: 'my_app',","                        npm_package_version: '0.0.1'","                    })","                }","            );","        } else {","            local.assetsDict['/'] = local.assetsDict['/assets.index.template.html']","                .replace((/\\{\\{env\\.(\\w+?)\\}\\}/g), function (match0, match1) {","                    // jslint-hack","                    String(match0);","                    switch (match1) {","                    case 'npm_package_description':","                        return 'the greatest app in the world!';","                    case 'npm_package_name':","                        return 'my-app';","                    case 'npm_package_nameAlias':","                        return 'my_app';","                    case 'npm_package_version':","                        return '0.0.1';","                    }","                });","        }","        // run the cli","        if (local.global.utility2_rollup || module !== require.main) {","            break;","        }","        local.assetsDict['/assets.example.js'] =","            local.assetsDict['/assets.example.js'] ||","            local.fs.readFileSync(__filename, 'utf8');","        // bug-workaround - long $npm_package_buildCustomOrg","        /* jslint-ignore-begin */","        local.assetsDict['/assets.npmtest_string.rollup.js'] =","            local.assetsDict['/assets.npmtest_string.rollup.js'] ||","            local.fs.readFileSync(","                local.npmtest_string.__dirname + '/lib.npmtest_string.js',","                'utf8'","            ).replace((/^#!/), '//');","        /* jslint-ignore-end */","        local.assetsDict['/favicon.ico'] = local.assetsDict['/favicon.ico'] || '';","        // if $npm_config_timeout_exit exists,","        // then exit this process after $npm_config_timeout_exit ms","        if (Number(process.env.npm_config_timeout_exit)) {","            setTimeout(process.exit, Number(process.env.npm_config_timeout_exit));","        }","        // start server","        if (local.global.utility2_serverHttp1) {","            break;","        }","        process.env.PORT = process.env.PORT || '8081';","        console.error('server starting on port ' + process.env.PORT);","        local.http.createServer(function (request, response) {","            request.urlParsed = local.url.parse(request.url);","            if (local.assetsDict[request.urlParsed.pathname] !== undefined) {","                response.end(local.assetsDict[request.urlParsed.pathname]);","                return;","            }","            response.statusCode = 404;","            response.end();","        }).listen(process.env.PORT);","        break;","    }","}());",""],"l":{"26":2,"28":2,"33":2,"35":2,"37":2,"38":2,"39":2,"44":1,"51":2,"55":2,"59":2,"61":2,"69":1,"70":2,"76":2,"79":2,"82":2,"83":2,"85":1,"89":2,"92":1,"93":1,"94":1,"96":1,"97":1,"100":1,"101":1,"103":1,"106":1,"108":2,"114":1,"116":1,"118":1,"123":1,"124":2,"125":2,"126":3,"127":3,"128":3,"129":3,"130":1,"133":3,"134":3,"139":3,"143":1,"144":3,"145":1,"149":1,"150":1,"158":1,"160":1,"161":1,"162":1,"164":1,"166":1,"258":1,"259":1,"271":1,"274":6,"275":6,"277":1,"279":2,"281":1,"283":2,"288":1,"289":1,"291":1,"296":1,"303":1,"306":1,"307":1,"310":1,"311":1,"313":1,"314":1,"315":1,"316":1,"317":1,"318":1,"319":1,"321":1,"322":1,"324":1}},"/home/travis/build/npmtest/node-npmtest-string/node_modules/string/lib/string.js":{"path":"/home/travis/build/npmtest/node-npmtest-string/node_modules/string/lib/string.js","s":{"1":1,"2":1,"3":1,"4":1,"5":1,"6":0,"7":0,"8":0,"9":0,"10":0,"11":0,"12":0,"13":0,"14":0,"15":0,"16":0,"17":0,"18":1,"19":0,"20":1,"21":1,"22":0,"23":0,"24":0,"25":0,"26":0,"27":0,"28":0,"29":0,"30":0,"31":0,"32":0,"33":0,"34":0,"35":0,"36":0,"37":0,"38":0,"39":0,"40":0,"41":0,"42":0,"43":0,"44":0,"45":0,"46":0,"47":0,"48":0,"49":0,"50":0,"51":0,"52":0,"53":0,"54":0,"55":0,"56":0,"57":0,"58":0,"59":0,"60":0,"61":0,"62":0,"63":0,"64":0,"65":0,"66":0,"67":0,"68":0,"69":0,"70":0,"71":0,"72":0,"73":0,"74":0,"75":0,"76":0,"77":0,"78":0,"79":0,"80":0,"81":0,"82":0,"83":0,"84":0,"85":0,"86":0,"87":0,"88":0,"89":0,"90":0,"91":0,"92":0,"93":0,"94":0,"95":0,"96":0,"97":0,"98":0,"99":0,"100":0,"101":0,"102":0,"103":0,"104":0,"105":0,"106":0,"107":0,"108":0,"109":0,"110":0,"111":0,"112":0,"113":0,"114":0,"115":0,"116":0,"117":0,"118":0,"119":0,"120":0,"121":0,"122":0,"123":0,"124":0,"125":0,"126":0,"127":0,"128":0,"129":0,"130":0,"131":0,"132":0,"133":0,"134":0,"135":0,"136":0,"137":0,"138":0,"139":0,"140":0,"141":0,"142":0,"143":0,"144":0,"145":0,"146":0,"147":0,"148":0,"149":0,"150":0,"151":0,"152":0,"153":0,"154":0,"155":0,"156":0,"157":0,"158":0,"159":0,"160":0,"161":0,"162":0,"163":0,"164":0,"165":0,"166":0,"167":0,"168":0,"169":0,"170":0,"171":0,"172":0,"173":0,"174":0,"175":0,"176":0,"177":0,"178":0,"179":0,"180":0,"181":0,"182":0,"183":0,"184":0,"185":0,"186":0,"187":0,"188":0,"189":0,"190":0,"191":0,"192":0,"193":0,"194":0,"195":0,"196":0,"197":0,"198":0,"199":0,"200":0,"201":0,"202":0,"203":0,"204":0,"205":0,"206":0,"207":0,"208":0,"209":0,"210":0,"211":0,"212":0,"213":0,"214":0,"215":0,"216":0,"217":0,"218":0,"219":0,"220":0,"221":0,"222":0,"223":0,"224":0,"225":0,"226":0,"227":0,"228":0,"229":0,"230":0,"231":0,"232":0,"233":0,"234":0,"235":0,"236":0,"237":0,"238":0,"239":0,"240":0,"241":0,"242":0,"243":0,"244":0,"245":0,"246":0,"247":0,"248":0,"249":0,"250":0,"251":0,"252":0,"253":0,"254":0,"255":0,"256":0,"257":0,"258":0,"259":0,"260":0,"261":0,"262":0,"263":0,"264":0,"265":0,"266":0,"267":0,"268":0,"269":0,"270":0,"271":0,"272":0,"273":0,"274":0,"275":0,"276":0,"277":1,"278":0,"279":0,"280":0,"281":0,"282":0,"283":0,"284":0,"285":0,"286":0,"287":0,"288":0,"289":0,"290":0,"291":0,"292":0,"293":0,"294":0,"295":0,"296":0,"297":0,"298":0,"299":0,"300":0,"301":0,"302":0,"303":0,"304":0,"305":0,"306":0,"307":0,"308":0,"309":0,"310":0,"311":0,"312":0,"313":0,"314":0,"315":0,"316":0,"317":0,"318":0,"319":0,"320":0,"321":0,"322":0,"323":0,"324":0,"325":0,"326":0,"327":0,"328":0,"329":0,"330":0,"331":0,"332":0,"333":0,"334":0,"335":0,"336":1,"337":1,"338":0,"339":0,"340":0,"341":0,"342":0,"343":0,"344":0,"345":0,"346":1,"347":0,"348":0,"349":0,"350":1,"351":1,"352":44,"353":44,"354":44,"355":44,"356":36,"357":26,"358":0,"359":10,"360":1,"361":1,"362":1,"363":1,"364":1,"365":1,"366":1,"367":1,"368":1,"369":1,"370":45,"371":45,"372":0,"373":45,"374":45,"375":45,"376":44,"377":1,"378":1,"379":1,"380":1,"381":1,"382":1,"383":1,"384":1,"385":0,"386":0,"387":0,"388":0,"389":0,"390":0,"391":0,"392":0,"393":0,"394":1,"395":0,"396":1,"397":1,"398":1,"399":1,"400":1,"401":1,"402":1,"403":1,"404":0,"405":0,"406":0,"407":0,"408":1,"409":0,"410":0,"411":0,"412":0,"413":0,"414":0,"415":1,"416":1,"417":0,"418":0,"419":0,"420":0,"421":0,"422":0,"423":0,"424":0,"425":0,"426":0,"427":0,"428":0,"429":0,"430":1,"431":0,"432":1,"433":1,"434":5,"435":1},"b":{"1":[0,0],"2":[0,0],"3":[0,0],"4":[0,0],"5":[0,0],"6":[0,0],"7":[0,0],"8":[0,0],"9":[0,0],"10":[0,0],"11":[0,0],"12":[0,0],"13":[0,0],"14":[0,0],"15":[0,0,0],"16":[0,0],"17":[0,0],"18":[0,0],"19":[0,0],"20":[0,0],"21":[0,0],"22":[0,0],"23":[0,0],"24":[0,0],"25":[0,0],"26":[0,0],"27":[0,0],"28":[0,0],"29":[0,0],"30":[0,0],"31":[0,0],"32":[0,0],"33":[0,0],"34":[0,0],"35":[0,0],"36":[0,0],"37":[0,0],"38":[0,0],"39":[0,0],"40":[0,0,0,0,0,0],"41":[0,0],"42":[0,0,0],"43":[0,0],"44":[0,0],"45":[0,0],"46":[0,0],"47":[0,0],"48":[0,0],"49":[0,0],"50":[0,0],"51":[0,0],"52":[0,0],"53":[0,0],"54":[0,0],"55":[0,0],"56":[0,0],"57":[0,0],"58":[0,0],"59":[0,0],"60":[0,0],"61":[0,0],"62":[0,0],"63":[0,0],"64":[0,0],"65":[0,0],"66":[0,0,0,0],"67":[0,0],"68":[0,0],"69":[0,0],"70":[0,0],"71":[0,0],"72":[0,0],"73":[0,0],"74":[0,0],"75":[0,0],"76":[0,0],"77":[0,0],"78":[0,0],"79":[0,0],"80":[0,0],"81":[0,0],"82":[0,0],"83":[0,0],"84":[0,0],"85":[0,0],"86":[0,0],"87":[0,0],"88":[0,0],"89":[0,0],"90":[0,0],"91":[0,0],"92":[0,0],"93":[0,0],"94":[0,0],"95":[0,0],"96":[0,0],"97":[0,0],"98":[0,0],"99":[0,0],"100":[0,0],"101":[0,0],"102":[44,0],"103":[36,8],"104":[26,10],"105":[0,45],"106":[45,45],"107":[1,0],"108":[1,0],"109":[1,1],"110":[0,0],"111":[0,0],"112":[0,0],"113":[0,0],"114":[0,0],"115":[0,0]},"f":{"1":1,"2":0,"3":0,"4":0,"5":0,"6":0,"7":0,"8":0,"9":0,"10":0,"11":0,"12":0,"13":0,"14":0,"15":0,"16":0,"17":0,"18":0,"19":0,"20":0,"21":0,"22":0,"23":0,"24":0,"25":0,"26":0,"27":0,"28":0,"29":0,"30":0,"31":0,"32":0,"33":0,"34":0,"35":0,"36":0,"37":0,"38":0,"39":0,"40":0,"41":0,"42":0,"43":0,"44":0,"45":0,"46":0,"47":0,"48":0,"49":0,"50":0,"51":0,"52":0,"53":0,"54":0,"55":0,"56":0,"57":0,"58":0,"59":0,"60":0,"61":0,"62":0,"63":0,"64":0,"65":0,"66":0,"67":0,"68":0,"69":0,"70":0,"71":0,"72":0,"73":0,"74":0,"75":0,"76":0,"77":0,"78":0,"79":0,"80":44,"81":0,"82":1,"83":1,"84":0,"85":0,"86":0,"87":0,"88":0},"fnMap":{"1":{"name":"(anonymous_1)","line":5,"loc":{"start":{"line":5,"column":2},"end":{"line":5,"column":13}}},"2":{"name":"initialize","line":33,"loc":{"start":{"line":33,"column":2},"end":{"line":33,"column":34}}},"3":{"name":"(anonymous_3)","line":47,"loc":{"start":{"line":47,"column":42},"end":{"line":47,"column":53}}},"4":{"name":"S","line":58,"loc":{"start":{"line":58,"column":2},"end":{"line":58,"column":16}}},"5":{"name":"(anonymous_5)","line":65,"loc":{"start":{"line":65,"column":13},"end":{"line":65,"column":35}}},"6":{"name":"(anonymous_6)","line":78,"loc":{"start":{"line":78,"column":14},"end":{"line":78,"column":25}}},"7":{"name":"(anonymous_7)","line":79,"loc":{"start":{"line":79,"column":55},"end":{"line":79,"column":79}}},"8":{"name":"(anonymous_8)","line":85,"loc":{"start":{"line":85,"column":16},"end":{"line":85,"column":27}}},"9":{"name":"(anonymous_9)","line":89,"loc":{"start":{"line":89,"column":12},"end":{"line":89,"column":28}}},"10":{"name":"(anonymous_10)","line":93,"loc":{"start":{"line":93,"column":15},"end":{"line":93,"column":32}}},"11":{"name":"(anonymous_11)","line":103,"loc":{"start":{"line":103,"column":16},"end":{"line":103,"column":33}}},"12":{"name":"(anonymous_12)","line":114,"loc":{"start":{"line":114,"column":24},"end":{"line":114,"column":35}}},"13":{"name":"(anonymous_13)","line":119,"loc":{"start":{"line":119,"column":14},"end":{"line":119,"column":27}}},"14":{"name":"(anonymous_14)","line":123,"loc":{"start":{"line":123,"column":11},"end":{"line":123,"column":24}}},"15":{"name":"(anonymous_15)","line":128,"loc":{"start":{"line":128,"column":15},"end":{"line":128,"column":26}}},"16":{"name":"(anonymous_16)","line":133,"loc":{"start":{"line":133,"column":22},"end":{"line":133,"column":39}}},"17":{"name":"(anonymous_17)","line":138,"loc":{"start":{"line":138,"column":14},"end":{"line":138,"column":25}}},"18":{"name":"(anonymous_18)","line":139,"loc":{"start":{"line":139,"column":49},"end":{"line":139,"column":61}}},"19":{"name":"(anonymous_19)","line":143,"loc":{"start":{"line":143,"column":24},"end":{"line":143,"column":35}}},"20":{"name":"(anonymous_20)","line":145,"loc":{"start":{"line":145,"column":34},"end":{"line":145,"column":53}}},"21":{"name":"(anonymous_21)","line":148,"loc":{"start":{"line":148,"column":42},"end":{"line":148,"column":60}}},"22":{"name":"(anonymous_22)","line":151,"loc":{"start":{"line":151,"column":32},"end":{"line":151,"column":48}}},"23":{"name":"(anonymous_23)","line":169,"loc":{"start":{"line":169,"column":14},"end":{"line":169,"column":25}}},"24":{"name":"(anonymous_24)","line":178,"loc":{"start":{"line":178,"column":16},"end":{"line":178,"column":27}}},"25":{"name":"(anonymous_25)","line":179,"loc":{"start":{"line":179,"column":61},"end":{"line":179,"column":72}}},"26":{"name":"(anonymous_26)","line":182,"loc":{"start":{"line":182,"column":16},"end":{"line":182,"column":33}}},"27":{"name":"(anonymous_27)","line":191,"loc":{"start":{"line":191,"column":17},"end":{"line":191,"column":34}}},"28":{"name":"(anonymous_28)","line":200,"loc":{"start":{"line":200,"column":14},"end":{"line":200,"column":25}}},"29":{"name":"(anonymous_29)","line":207,"loc":{"start":{"line":207,"column":13},"end":{"line":207,"column":24}}},"30":{"name":"(anonymous_30)","line":211,"loc":{"start":{"line":211,"column":20},"end":{"line":211,"column":31}}},"31":{"name":"(anonymous_31)","line":215,"loc":{"start":{"line":215,"column":13},"end":{"line":215,"column":24}}},"32":{"name":"(anonymous_32)","line":219,"loc":{"start":{"line":219,"column":13},"end":{"line":219,"column":24}}},"33":{"name":"(anonymous_33)","line":223,"loc":{"start":{"line":223,"column":15},"end":{"line":223,"column":26}}},"34":{"name":"(anonymous_34)","line":227,"loc":{"start":{"line":227,"column":13},"end":{"line":227,"column":24}}},"35":{"name":"(anonymous_35)","line":231,"loc":{"start":{"line":231,"column":10},"end":{"line":231,"column":22}}},"36":{"name":"(anonymous_36)","line":240,"loc":{"start":{"line":240,"column":11},"end":{"line":240,"column":22}}},"37":{"name":"(anonymous_37)","line":244,"loc":{"start":{"line":244,"column":9},"end":{"line":244,"column":27}}},"38":{"name":"(anonymous_38)","line":253,"loc":{"start":{"line":253,"column":13},"end":{"line":253,"column":31}}},"39":{"name":"(anonymous_39)","line":259,"loc":{"start":{"line":259,"column":14},"end":{"line":259,"column":32}}},"40":{"name":"(anonymous_40)","line":265,"loc":{"start":{"line":265,"column":14},"end":{"line":265,"column":68}}},"41":{"name":"(anonymous_41)","line":272,"loc":{"start":{"line":272,"column":15},"end":{"line":272,"column":26}}},"42":{"name":"(anonymous_42)","line":349,"loc":{"start":{"line":349,"column":16},"end":{"line":349,"column":32}}},"43":{"name":"(anonymous_43)","line":355,"loc":{"start":{"line":355,"column":15},"end":{"line":355,"column":46}}},"44":{"name":"(anonymous_44)","line":359,"loc":{"start":{"line":359,"column":16},"end":{"line":359,"column":47}}},"45":{"name":"(anonymous_45)","line":363,"loc":{"start":{"line":363,"column":11},"end":{"line":363,"column":22}}},"46":{"name":"(anonymous_46)","line":371,"loc":{"start":{"line":371,"column":15},"end":{"line":371,"column":32}}},"47":{"name":"(anonymous_47)","line":387,"loc":{"start":{"line":387,"column":16},"end":{"line":387,"column":33}}},"48":{"name":"(anonymous_48)","line":403,"loc":{"start":{"line":403,"column":11},"end":{"line":403,"column":23}}},"49":{"name":"(anonymous_49)","line":412,"loc":{"start":{"line":412,"column":14},"end":{"line":412,"column":27}}},"50":{"name":"(anonymous_50)","line":417,"loc":{"start":{"line":417,"column":13},"end":{"line":417,"column":24}}},"51":{"name":"(anonymous_51)","line":424,"loc":{"start":{"line":424,"column":16},"end":{"line":424,"column":27}}},"52":{"name":"(anonymous_52)","line":432,"loc":{"start":{"line":432,"column":22},"end":{"line":432,"column":33}}},"53":{"name":"(anonymous_53)","line":437,"loc":{"start":{"line":437,"column":15},"end":{"line":437,"column":26}}},"54":{"name":"(anonymous_54)","line":439,"loc":{"start":{"line":439,"column":22},"end":{"line":439,"column":36}}},"55":{"name":"(anonymous_55)","line":445,"loc":{"start":{"line":445,"column":14},"end":{"line":445,"column":49}}},"56":{"name":"(anonymous_56)","line":456,"loc":{"start":{"line":456,"column":22},"end":{"line":456,"column":38}}},"57":{"name":"(anonymous_57)","line":464,"loc":{"start":{"line":464,"column":11},"end":{"line":464,"column":23}}},"58":{"name":"(anonymous_58)","line":468,"loc":{"start":{"line":468,"column":15},"end":{"line":468,"column":26}}},"59":{"name":"(anonymous_59)","line":472,"loc":{"start":{"line":472,"column":10},"end":{"line":472,"column":22}}},"60":{"name":"(anonymous_60)","line":480,"loc":{"start":{"line":480,"column":15},"end":{"line":480,"column":26}}},"61":{"name":"(anonymous_61)","line":488,"loc":{"start":{"line":488,"column":13},"end":{"line":488,"column":33}}},"62":{"name":"(anonymous_62)","line":496,"loc":{"start":{"line":496,"column":11},"end":{"line":496,"column":22}}},"63":{"name":"(anonymous_63)","line":501,"loc":{"start":{"line":501,"column":10},"end":{"line":501,"column":21}}},"64":{"name":"(anonymous_64)","line":510,"loc":{"start":{"line":510,"column":14},"end":{"line":510,"column":25}}},"65":{"name":"(anonymous_65)","line":519,"loc":{"start":{"line":519,"column":15},"end":{"line":519,"column":26}}},"66":{"name":"(anonymous_66)","line":528,"loc":{"start":{"line":528,"column":14},"end":{"line":528,"column":41}}},"67":{"name":"(anonymous_67)","line":536,"loc":{"start":{"line":536,"column":17},"end":{"line":536,"column":28}}},"68":{"name":"(anonymous_68)","line":547,"loc":{"start":{"line":547,"column":11},"end":{"line":547,"column":22}}},"69":{"name":"hasVal","line":551,"loc":{"start":{"line":551,"column":6},"end":{"line":551,"column":26}}},"70":{"name":"(anonymous_70)","line":612,"loc":{"start":{"line":612,"column":14},"end":{"line":612,"column":25}}},"71":{"name":"(anonymous_71)","line":617,"loc":{"start":{"line":617,"column":16},"end":{"line":617,"column":27}}},"72":{"name":"(anonymous_72)","line":622,"loc":{"start":{"line":622,"column":18},"end":{"line":622,"column":29}}},"73":{"name":"(anonymous_73)","line":623,"loc":{"start":{"line":623,"column":64},"end":{"line":623,"column":92}}},"74":{"name":"(anonymous_74)","line":638,"loc":{"start":{"line":638,"column":13},"end":{"line":638,"column":24}}},"75":{"name":"(anonymous_75)","line":643,"loc":{"start":{"line":643,"column":14},"end":{"line":643,"column":43}}},"76":{"name":"extendPrototype","line":652,"loc":{"start":{"line":652,"column":2},"end":{"line":652,"column":29}}},"77":{"name":"(anonymous_77)","line":654,"loc":{"start":{"line":654,"column":7},"end":{"line":654,"column":21}}},"78":{"name":"(anonymous_78)","line":658,"loc":{"start":{"line":658,"column":24},"end":{"line":658,"column":35}}},"79":{"name":"restorePrototype","line":667,"loc":{"start":{"line":667,"column":2},"end":{"line":667,"column":30}}},"80":{"name":"(anonymous_80)","line":680,"loc":{"start":{"line":680,"column":5},"end":{"line":680,"column":20}}},"81":{"name":"(anonymous_81)","line":686,"loc":{"start":{"line":686,"column":25},"end":{"line":686,"column":36}}},"82":{"name":"getNativeStringProperties","line":722,"loc":{"start":{"line":722,"column":2},"end":{"line":722,"column":39}}},"83":{"name":"getNativeStringPropertyNames","line":738,"loc":{"start":{"line":738,"column":2},"end":{"line":738,"column":42}}},"84":{"name":"Export","line":762,"loc":{"start":{"line":762,"column":2},"end":{"line":762,"column":23}}},"85":{"name":"(anonymous_85)","line":786,"loc":{"start":{"line":786,"column":17},"end":{"line":786,"column":28}}},"86":{"name":"multiArgs","line":800,"loc":{"start":{"line":800,"column":2},"end":{"line":800,"column":31}}},"87":{"name":"escapeRegExp","line":818,"loc":{"start":{"line":818,"column":2},"end":{"line":818,"column":28}}},"88":{"name":"ensureString","line":843,"loc":{"start":{"line":843,"column":2},"end":{"line":843,"column":32}}}},"statementMap":{"1":{"start":{"line":5,"column":0},"end":{"line":1108,"column":14}},"2":{"start":{"line":8,"column":2},"end":{"line":8,"column":24}},"3":{"start":{"line":10,"column":2},"end":{"line":10,"column":20}},"4":{"start":{"line":13,"column":2},"end":{"line":13,"column":6689}},"5":{"start":{"line":33,"column":2},"end":{"line":56,"column":3}},"6":{"start":{"line":34,"column":4},"end":{"line":41,"column":5}},"7":{"start":{"line":35,"column":6},"end":{"line":38,"column":32}},"8":{"start":{"line":36,"column":8},"end":{"line":36,"column":21}},"9":{"start":{"line":38,"column":8},"end":{"line":38,"column":32}},"10":{"start":{"line":40,"column":6},"end":{"line":40,"column":19}},"11":{"start":{"line":43,"column":4},"end":{"line":43,"column":20}},"12":{"start":{"line":45,"column":4},"end":{"line":55,"column":5}},"13":{"start":{"line":46,"column":6},"end":{"line":52,"column":7}},"14":{"start":{"line":47,"column":8},"end":{"line":49,"column":10}},"15":{"start":{"line":48,"column":10},"end":{"line":48,"column":33}},"16":{"start":{"line":51,"column":8},"end":{"line":51,"column":33}},"17":{"start":{"line":54,"column":6},"end":{"line":54,"column":25}},"18":{"start":{"line":58,"column":2},"end":{"line":60,"column":3}},"19":{"start":{"line":59,"column":3},"end":{"line":59,"column":23}},"20":{"start":{"line":62,"column":2},"end":{"line":62,"column":31}},"21":{"start":{"line":63,"column":2},"end":{"line":649,"column":3}},"22":{"start":{"line":66,"column":6},"end":{"line":66,"column":21}},"23":{"start":{"line":67,"column":6},"end":{"line":67,"column":37}},"24":{"start":{"line":68,"column":6},"end":{"line":68,"column":60}},"25":{"start":{"line":69,"column":6},"end":{"line":74,"column":77}},"26":{"start":{"line":70,"column":8},"end":{"line":70,"column":39}},"27":{"start":{"line":71,"column":11},"end":{"line":74,"column":77}},"28":{"start":{"line":72,"column":8},"end":{"line":72,"column":72}},"29":{"start":{"line":74,"column":8},"end":{"line":74,"column":77}},"30":{"start":{"line":79,"column":6},"end":{"line":81,"column":9}},"31":{"start":{"line":80,"column":8},"end":{"line":80,"column":42}},"32":{"start":{"line":82,"column":6},"end":{"line":82,"column":37}},"33":{"start":{"line":86,"column":6},"end":{"line":86,"column":105}},"34":{"start":{"line":90,"column":6},"end":{"line":90,"column":34}},"35":{"start":{"line":94,"column":6},"end":{"line":94,"column":21}},"36":{"start":{"line":95,"column":6},"end":{"line":100,"column":7}},"37":{"start":{"line":96,"column":9},"end":{"line":96,"column":36}},"38":{"start":{"line":97,"column":9},"end":{"line":97,"column":40}},"39":{"start":{"line":99,"column":8},"end":{"line":99,"column":20}},"40":{"start":{"line":104,"column":6},"end":{"line":110,"column":7}},"41":{"start":{"line":105,"column":8},"end":{"line":105,"column":23}},"42":{"start":{"line":106,"column":8},"end":{"line":106,"column":49}},"43":{"start":{"line":107,"column":8},"end":{"line":107,"column":39}},"44":{"start":{"line":109,"column":8},"end":{"line":109,"column":20}},"45":{"start":{"line":115,"column":6},"end":{"line":115,"column":74}},"46":{"start":{"line":116,"column":6},"end":{"line":116,"column":37}},"47":{"start":{"line":120,"column":6},"end":{"line":120,"column":37}},"48":{"start":{"line":124,"column":6},"end":{"line":124,"column":44}},"49":{"start":{"line":129,"column":6},"end":{"line":129,"column":113}},"50":{"start":{"line":130,"column":6},"end":{"line":130,"column":37}},"51":{"start":{"line":134,"column":6},"end":{"line":134,"column":21}},"52":{"start":{"line":135,"column":6},"end":{"line":135,"column":52}},"53":{"start":{"line":139,"column":6},"end":{"line":139,"column":92}},"54":{"start":{"line":139,"column":63},"end":{"line":139,"column":88}},"55":{"start":{"line":140,"column":6},"end":{"line":140,"column":37}},"56":{"start":{"line":144,"column":6},"end":{"line":144,"column":21}},"57":{"start":{"line":145,"column":6},"end":{"line":164,"column":8}},"58":{"start":{"line":146,"column":8},"end":{"line":146,"column":41}},"59":{"start":{"line":149,"column":8},"end":{"line":149,"column":54}},"60":{"start":{"line":152,"column":8},"end":{"line":152,"column":37}},"61":{"start":{"line":153,"column":8},"end":{"line":153,"column":68}},"62":{"start":{"line":155,"column":8},"end":{"line":163,"column":9}},"63":{"start":{"line":156,"column":10},"end":{"line":156,"column":45}},"64":{"start":{"line":158,"column":13},"end":{"line":163,"column":9}},"65":{"start":{"line":159,"column":10},"end":{"line":159,"column":24}},"66":{"start":{"line":162,"column":10},"end":{"line":162,"column":19}},"67":{"start":{"line":166,"column":6},"end":{"line":166,"column":37}},"68":{"start":{"line":170,"column":6},"end":{"line":170,"column":62}},"69":{"start":{"line":171,"column":6},"end":{"line":174,"column":7}},"70":{"start":{"line":172,"column":8},"end":{"line":172,"column":52}},"71":{"start":{"line":173,"column":8},"end":{"line":173,"column":72}},"72":{"start":{"line":173,"column":60},"end":{"line":173,"column":72}},"73":{"start":{"line":175,"column":6},"end":{"line":175,"column":19}},"74":{"start":{"line":179,"column":6},"end":{"line":179,"column":121}},"75":{"start":{"line":179,"column":74},"end":{"line":179,"column":116}},"76":{"start":{"line":183,"column":6},"end":{"line":183,"column":21}},"77":{"start":{"line":184,"column":6},"end":{"line":188,"column":7}},"78":{"start":{"line":185,"column":8},"end":{"line":185,"column":20}},"79":{"start":{"line":187,"column":8},"end":{"line":187,"column":48}},"80":{"start":{"line":192,"column":6},"end":{"line":192,"column":21}},"81":{"start":{"line":193,"column":6},"end":{"line":197,"column":7}},"82":{"start":{"line":194,"column":8},"end":{"line":194,"column":20}},"83":{"start":{"line":196,"column":8},"end":{"line":196,"column":48}},"84":{"start":{"line":201,"column":6},"end":{"line":202,"column":39}},"85":{"start":{"line":202,"column":8},"end":{"line":202,"column":39}},"86":{"start":{"line":203,"column":6},"end":{"line":203,"column":89}},"87":{"start":{"line":204,"column":6},"end":{"line":204,"column":36}},"88":{"start":{"line":208,"column":6},"end":{"line":208,"column":62}},"89":{"start":{"line":212,"column":6},"end":{"line":212,"column":62}},"90":{"start":{"line":216,"column":6},"end":{"line":216,"column":89}},"91":{"start":{"line":220,"column":6},"end":{"line":220,"column":63}},"92":{"start":{"line":224,"column":6},"end":{"line":224,"column":36}},"93":{"start":{"line":228,"column":6},"end":{"line":228,"column":63}},"94":{"start":{"line":232,"column":6},"end":{"line":237,"column":7}},"95":{"start":{"line":233,"column":8},"end":{"line":233,"column":36}},"96":{"start":{"line":234,"column":8},"end":{"line":234,"column":39}},"97":{"start":{"line":236,"column":8},"end":{"line":236,"column":30}},"98":{"start":{"line":241,"column":6},"end":{"line":241,"column":57}},"99":{"start":{"line":245,"column":6},"end":{"line":245,"column":31}},"100":{"start":{"line":245,"column":22},"end":{"line":245,"column":31}},"101":{"start":{"line":246,"column":6},"end":{"line":246,"column":68}},"102":{"start":{"line":246,"column":32},"end":{"line":246,"column":68}},"103":{"start":{"line":247,"column":6},"end":{"line":247,"column":32}},"104":{"start":{"line":248,"column":6},"end":{"line":248,"column":56}},"105":{"start":{"line":249,"column":6},"end":{"line":249,"column":58}},"106":{"start":{"line":250,"column":6},"end":{"line":250,"column":57}},"107":{"start":{"line":254,"column":6},"end":{"line":254,"column":31}},"108":{"start":{"line":254,"column":22},"end":{"line":254,"column":31}},"109":{"start":{"line":255,"column":6},"end":{"line":255,"column":68}},"110":{"start":{"line":255,"column":32},"end":{"line":255,"column":68}},"111":{"start":{"line":256,"column":6},"end":{"line":256,"column":84}},"112":{"start":{"line":260,"column":6},"end":{"line":260,"column":31}},"113":{"start":{"line":260,"column":22},"end":{"line":260,"column":31}},"114":{"start":{"line":261,"column":6},"end":{"line":261,"column":68}},"115":{"start":{"line":261,"column":32},"end":{"line":261,"column":68}},"116":{"start":{"line":262,"column":6},"end":{"line":262,"column":84}},"117":{"start":{"line":266,"column":6},"end":{"line":266,"column":35}},"118":{"start":{"line":267,"column":6},"end":{"line":267,"column":29}},"119":{"start":{"line":268,"column":6},"end":{"line":269,"column":24}},"120":{"start":{"line":269,"column":8},"end":{"line":269,"column":24}},"121":{"start":{"line":271,"column":6},"end":{"line":271,"column":127}},"122":{"start":{"line":272,"column":6},"end":{"line":272,"column":52}},"123":{"start":{"line":272,"column":27},"end":{"line":272,"column":50}},"124":{"start":{"line":273,"column":6},"end":{"line":273,"column":62}},"125":{"start":{"line":273,"column":48},"end":{"line":273,"column":62}},"126":{"start":{"line":275,"column":6},"end":{"line":276,"column":23}},"127":{"start":{"line":276,"column":8},"end":{"line":276,"column":23}},"128":{"start":{"line":278,"column":6},"end":{"line":339,"column":7}},"129":{"start":{"line":279,"column":8},"end":{"line":279,"column":28}},"130":{"start":{"line":280,"column":8},"end":{"line":337,"column":9}},"131":{"start":{"line":283,"column":12},"end":{"line":287,"column":13}},"132":{"start":{"line":284,"column":14},"end":{"line":284,"column":21}},"133":{"start":{"line":285,"column":14},"end":{"line":285,"column":38}},"134":{"start":{"line":286,"column":14},"end":{"line":286,"column":20}},"135":{"start":{"line":288,"column":12},"end":{"line":288,"column":44}},"136":{"start":{"line":288,"column":38},"end":{"line":288,"column":44}},"137":{"start":{"line":290,"column":12},"end":{"line":290,"column":31}},"138":{"start":{"line":291,"column":12},"end":{"line":291,"column":18}},"139":{"start":{"line":293,"column":12},"end":{"line":296,"column":13}},"140":{"start":{"line":294,"column":14},"end":{"line":294,"column":28}},"141":{"start":{"line":295,"column":14},"end":{"line":295,"column":40}},"142":{"start":{"line":297,"column":12},"end":{"line":302,"column":13}},"143":{"start":{"line":298,"column":14},"end":{"line":298,"column":40}},"144":{"start":{"line":300,"column":14},"end":{"line":300,"column":47}},"145":{"start":{"line":301,"column":14},"end":{"line":301,"column":37}},"146":{"start":{"line":303,"column":12},"end":{"line":303,"column":18}},"147":{"start":{"line":305,"column":12},"end":{"line":322,"column":13}},"148":{"start":{"line":306,"column":14},"end":{"line":306,"column":28}},"149":{"start":{"line":307,"column":14},"end":{"line":307,"column":40}},"150":{"start":{"line":308,"column":14},"end":{"line":308,"column":47}},"151":{"start":{"line":309,"column":14},"end":{"line":309,"column":32}},"152":{"start":{"line":310,"column":14},"end":{"line":310,"column":26}},"153":{"start":{"line":311,"column":14},"end":{"line":311,"column":37}},"154":{"start":{"line":313,"column":17},"end":{"line":322,"column":13}},"155":{"start":{"line":314,"column":14},"end":{"line":314,"column":40}},"156":{"start":{"line":316,"column":14},"end":{"line":321,"column":15}},"157":{"start":{"line":317,"column":16},"end":{"line":317,"column":49}},"158":{"start":{"line":318,"column":16},"end":{"line":318,"column":34}},"159":{"start":{"line":319,"column":16},"end":{"line":319,"column":28}},"160":{"start":{"line":320,"column":16},"end":{"line":320,"column":39}},"161":{"start":{"line":323,"column":12},"end":{"line":323,"column":18}},"162":{"start":{"line":325,"column":12},"end":{"line":326,"column":40}},"163":{"start":{"line":326,"column":14},"end":{"line":326,"column":40}},"164":{"start":{"line":327,"column":12},"end":{"line":327,"column":18}},"165":{"start":{"line":329,"column":12},"end":{"line":335,"column":13}},"166":{"start":{"line":330,"column":14},"end":{"line":330,"column":40}},"167":{"start":{"line":331,"column":17},"end":{"line":335,"column":13}},"168":{"start":{"line":332,"column":14},"end":{"line":332,"column":40}},"169":{"start":{"line":333,"column":14},"end":{"line":333,"column":27}},"170":{"start":{"line":334,"column":14},"end":{"line":334,"column":39}},"171":{"start":{"line":336,"column":12},"end":{"line":336,"column":18}},"172":{"start":{"line":338,"column":8},"end":{"line":338,"column":15}},"173":{"start":{"line":341,"column":6},"end":{"line":341,"column":40}},"174":{"start":{"line":342,"column":6},"end":{"line":345,"column":7}},"175":{"start":{"line":343,"column":8},"end":{"line":343,"column":26}},"176":{"start":{"line":344,"column":8},"end":{"line":344,"column":20}},"177":{"start":{"line":346,"column":6},"end":{"line":346,"column":20}},"178":{"start":{"line":351,"column":6},"end":{"line":351,"column":38}},"179":{"start":{"line":352,"column":6},"end":{"line":352,"column":37}},"180":{"start":{"line":356,"column":6},"end":{"line":356,"column":66}},"181":{"start":{"line":360,"column":6},"end":{"line":360,"column":67}},"182":{"start":{"line":364,"column":6},"end":{"line":364,"column":22}},"183":{"start":{"line":365,"column":6},"end":{"line":367,"column":7}},"184":{"start":{"line":366,"column":8},"end":{"line":366,"column":45}},"185":{"start":{"line":368,"column":6},"end":{"line":368,"column":38}},"186":{"start":{"line":372,"column":6},"end":{"line":372,"column":16}},"187":{"start":{"line":373,"column":6},"end":{"line":373,"column":18}},"188":{"start":{"line":374,"column":6},"end":{"line":374,"column":36}},"189":{"start":{"line":376,"column":6},"end":{"line":382,"column":7}},"190":{"start":{"line":377,"column":8},"end":{"line":377,"column":26}},"191":{"start":{"line":380,"column":8},"end":{"line":380,"column":36}},"192":{"start":{"line":381,"column":8},"end":{"line":381,"column":55}},"193":{"start":{"line":384,"column":6},"end":{"line":384,"column":59}},"194":{"start":{"line":388,"column":6},"end":{"line":388,"column":16}},"195":{"start":{"line":389,"column":6},"end":{"line":389,"column":18}},"196":{"start":{"line":390,"column":6},"end":{"line":390,"column":36}},"197":{"start":{"line":392,"column":6},"end":{"line":398,"column":7}},"198":{"start":{"line":393,"column":8},"end":{"line":393,"column":26}},"199":{"start":{"line":396,"column":8},"end":{"line":396,"column":36}},"200":{"start":{"line":397,"column":8},"end":{"line":397,"column":55}},"201":{"start":{"line":400,"column":6},"end":{"line":400,"column":59}},"202":{"start":{"line":404,"column":6},"end":{"line":409,"column":7}},"203":{"start":{"line":405,"column":8},"end":{"line":405,"column":52}},"204":{"start":{"line":406,"column":8},"end":{"line":406,"column":39}},"205":{"start":{"line":408,"column":8},"end":{"line":408,"column":29}},"206":{"start":{"line":413,"column":3},"end":{"line":413,"column":23}},"207":{"start":{"line":414,"column":3},"end":{"line":414,"column":15}}
[...]
","    \"gt\" : \">\",","    \"lt\" : \"<\",","    \"quot\" : \"\\\"\",","    \"apos\" : \"'\",","    \"AElig\" : 198,","    \"Aacute\" : 193,","    \"Acirc\" : 194,","    \"Agrave\" : 192,","    \"Aring\" : 197,","    \"Atilde\" : 195,","    \"Auml\" : 196,","    \"Ccedil\" : 199,","    \"ETH\" : 208,","    \"Eacute\" : 201,","    \"Ecirc\" : 202,","    \"Egrave\" : 200,","    \"Euml\" : 203,","    \"Iacute\" : 205,","    \"Icirc\" : 206,","    \"Igrave\" : 204,","    \"Iuml\" : 207,","    \"Ntilde\" : 209,","    \"Oacute\" : 211,","    \"Ocirc\" : 212,","    \"Ograve\" : 210,","    \"Oslash\" : 216,","    \"Otilde\" : 213,","    \"Ouml\" : 214,","    \"THORN\" : 222,","    \"Uacute\" : 218,","    \"Ucirc\" : 219,","    \"Ugrave\" : 217,","    \"Uuml\" : 220,","    \"Yacute\" : 221,","    \"aacute\" : 225,","    \"acirc\" : 226,","    \"aelig\" : 230,","    \"agrave\" : 224,","    \"aring\" : 229,","    \"atilde\" : 227,","    \"auml\" : 228,","    \"ccedil\" : 231,","    \"eacute\" : 233,","    \"ecirc\" : 234,","    \"egrave\" : 232,","    \"eth\" : 240,","    \"euml\" : 235,","    \"iacute\" : 237,","    \"icirc\" : 238,","    \"igrave\" : 236,","    \"iuml\" : 239,","    \"ntilde\" : 241,","    \"oacute\" : 243,","    \"ocirc\" : 244,","    \"ograve\" : 242,","    \"oslash\" : 248,","    \"otilde\" : 245,","    \"ouml\" : 246,","    \"szlig\" : 223,","    \"thorn\" : 254,","    \"uacute\" : 250,","    \"ucirc\" : 251,","    \"ugrave\" : 249,","    \"uuml\" : 252,","    \"yacute\" : 253,","    \"yuml\" : 255,","    \"copy\" : 169,","    \"reg\" : 174,","    \"nbsp\" : 160,","    \"iexcl\" : 161,","    \"cent\" : 162,","    \"pound\" : 163,","    \"curren\" : 164,","    \"yen\" : 165,","    \"brvbar\" : 166,","    \"sect\" : 167,","    \"uml\" : 168,","    \"ordf\" : 170,","    \"laquo\" : 171,","    \"not\" : 172,","    \"shy\" : 173,","    \"macr\" : 175,","    \"deg\" : 176,","    \"plusmn\" : 177,","    \"sup1\" : 185,","    \"sup2\" : 178,","    \"sup3\" : 179,","    \"acute\" : 180,","    \"micro\" : 181,","    \"para\" : 182,","    \"middot\" : 183,","    \"cedil\" : 184,","    \"ordm\" : 186,","    \"raquo\" : 187,","    \"frac14\" : 188,","    \"frac12\" : 189,","    \"frac34\" : 190,","    \"iquest\" : 191,","    \"times\" : 215,","    \"divide\" : 247,","    \"OElig;\" : 338,","    \"oelig;\" : 339,","    \"Scaron;\" : 352,","    \"scaron;\" : 353,","    \"Yuml;\" : 376,","    \"fnof;\" : 402,","    \"circ;\" : 710,","    \"tilde;\" : 732,","    \"Alpha;\" : 913,","    \"Beta;\" : 914,","    \"Gamma;\" : 915,","    \"Delta;\" : 916,","    \"Epsilon;\" : 917,","    \"Zeta;\" : 918,","    \"Eta;\" : 919,","    \"Theta;\" : 920,","    \"Iota;\" : 921,","    \"Kappa;\" : 922,","    \"Lambda;\" : 923,","    \"Mu;\" : 924,","    \"Nu;\" : 925,","    \"Xi;\" : 926,","    \"Omicron;\" : 927,","    \"Pi;\" : 928,","    \"Rho;\" : 929,","    \"Sigma;\" : 931,","    \"Tau;\" : 932,","    \"Upsilon;\" : 933,","    \"Phi;\" : 934,","    \"Chi;\" : 935,","    \"Psi;\" : 936,","    \"Omega;\" : 937,","    \"alpha;\" : 945,","    \"beta;\" : 946,","    \"gamma;\" : 947,","    \"delta;\" : 948,","    \"epsilon;\" : 949,","    \"zeta;\" : 950,","    \"eta;\" : 951,","    \"theta;\" : 952,","    \"iota;\" : 953,","    \"kappa;\" : 954,","    \"lambda;\" : 955,","    \"mu;\" : 956,","    \"nu;\" : 957,","    \"xi;\" : 958,","    \"omicron;\" : 959,","    \"pi;\" : 960,","    \"rho;\" : 961,","    \"sigmaf;\" : 962,","    \"sigma;\" : 963,","    \"tau;\" : 964,","    \"upsilon;\" : 965,","    \"phi;\" : 966,","    \"chi;\" : 967,","    \"psi;\" : 968,","    \"omega;\" : 969,","    \"thetasym;\" : 977,","    \"upsih;\" : 978,","    \"piv;\" : 982,","    \"ensp;\" : 8194,","    \"emsp;\" : 8195,","    \"thinsp;\" : 8201,","    \"zwnj;\" : 8204,","    \"zwj;\" : 8205,","    \"lrm;\" : 8206,","    \"rlm;\" : 8207,","    \"ndash;\" : 8211,","    \"mdash;\" : 8212,","    \"lsquo;\" : 8216,","    \"rsquo;\" : 8217,","    \"sbquo;\" : 8218,","    \"ldquo;\" : 8220,","    \"rdquo;\" : 8221,","    \"bdquo;\" : 8222,","    \"dagger;\" : 8224,","    \"Dagger;\" : 8225,","    \"bull;\" : 8226,","    \"hellip;\" : 8230,","    \"permil;\" : 8240,","    \"prime;\" : 8242,","    \"Prime;\" : 8243,","    \"lsaquo;\" : 8249,","    \"rsaquo;\" : 8250,","    \"oline;\" : 8254,","    \"frasl;\" : 8260,","    \"euro;\" : 8364,","    \"image;\" : 8465,","    \"weierp;\" : 8472,","    \"real;\" : 8476,","    \"trade;\" : 8482,","    \"alefsym;\" : 8501,","    \"larr;\" : 8592,","    \"uarr;\" : 8593,","    \"rarr;\" : 8594,","    \"darr;\" : 8595,","    \"harr;\" : 8596,","    \"crarr;\" : 8629,","    \"lArr;\" : 8656,","    \"uArr;\" : 8657,","    \"rArr;\" : 8658,","    \"dArr;\" : 8659,","    \"hArr;\" : 8660,","    \"forall;\" : 8704,","    \"part;\" : 8706,","    \"exist;\" : 8707,","    \"empty;\" : 8709,","    \"nabla;\" : 8711,","    \"isin;\" : 8712,","    \"notin;\" : 8713,","    \"ni;\" : 8715,","    \"prod;\" : 8719,","    \"sum;\" : 8721,","    \"minus;\" : 8722,","    \"lowast;\" : 8727,","    \"radic;\" : 8730,","    \"prop;\" : 8733,","    \"infin;\" : 8734,","    \"ang;\" : 8736,","    \"and;\" : 8743,","    \"or;\" : 8744,","    \"cap;\" : 8745,","    \"cup;\" : 8746,","    \"int;\" : 8747,","    \"there4;\" : 8756,","    \"sim;\" : 8764,","    \"cong;\" : 8773,","    \"asymp;\" : 8776,","    \"ne;\" : 8800,","    \"equiv;\" : 8801,","    \"le;\" : 8804,","    \"ge;\" : 8805,","    \"sub;\" : 8834,","    \"sup;\" : 8835,","    \"nsub;\" : 8836,","    \"sube;\" : 8838,","    \"supe;\" : 8839,","    \"oplus;\" : 8853,","    \"otimes;\" : 8855,","    \"perp;\" : 8869,","    \"sdot;\" : 8901,","    \"lceil;\" : 8968,","    \"rceil;\" : 8969,","    \"lfloor;\" : 8970,","    \"rfloor;\" : 8971,","    \"lang;\" : 9001,","    \"rang;\" : 9002,","    \"loz;\" : 9674,","    \"spades;\" : 9824,","    \"clubs;\" : 9827,","    \"hearts;\" : 9829,","    \"diams;\" : 9830","  }","","","}).call(this);",""],"l":{"5":1,"8":1,"10":1,"13":1,"33":1,"34":0,"35":0,"36":0,"38":0,"40":0,"43":0,"45":0,"46":0,"47":0,"48":0,"51":0,"54":0,"58":1,"59":0,"62":1,"63":1,"66":0,"67":0,"68":0,"69":0,"70":0,"71":0,"72":0,"74":0,"79":0,"80":0,"82":0,"86":0,"90":0,"94":0,"95":0,"96":0,"97":0,"99":0,"104":0,"105":0,"106":0,"107":0,"109":0,"115":0,"116":0,"120":0,"124":0,"129":0,"130":0,"134":0,"135":0,"139":0,"140":0,"144":0,"145":0,"146":0,"149":0,"152":0,"153":0,"155":0,"156":0,"158":0,"159":0,"162":0,"166":0,"170":0,"171":0,"172":0,"173":0,"175":0,"179":0,"183":0,"184":0,"185":0,"187":0,"192":0,"193":0,"194":0,"196":0,"201":0,"202":0,"203":0,"204":0,"208":0,"212":0,"216":0,"220":0,"224":0,"228":0,"232":0,"233":0,"234":0,"236":0,"241":0,"245":0,"246":0,"247":0,"248":0,"249":0,"250":0,"254":0,"255":0,"256":0,"260":0,"261":0,"262":0,"266":0,"267":0,"268":0,"269":0,"271":0,"272":0,"273":0,"275":0,"276":0,"278":0,"279":0,"280":0,"283":0,"284":0,"285":0,"286":0,"288":0,"290":0,"291":0,"293":0,"294":0,"295":0,"297":0,"298":0,"300":0,"301":0,"303":0,"305":0,"306":0,"307":0,"308":0,"309":0,"310":0,"311":0,"313":0,"314":0,"316":0,"317":0,"318":0,"319":0,"320":0,"323":0,"325":0,"326":0,"327":0,"329":0,"330":0,"331":0,"332":0,"333":0,"334":0,"336":0,"338":0,"341":0,"342":0,"343":0,"344":0,"346":0,"351":0,"352":0,"356":0,"360":0,"364":0,"365":0,"366":0,"368":0,"372":0,"373":0,"374":0,"376":0,"377":0,"380":0,"381":0,"384":0,"388":0,"389":0,"390":0,"392":0,"393":0,"396":0,"397":0,"400":0,"404":0,"405":0,"406":0,"408":0,"413":0,"414":0,"418":0,"419":0,"420":0,"421":0,"425":0,"426":0,"427":0,"429":0,"434":0,"438":0,"439":0,"440":0,"442":0,"446":0,"447":0,"448":0,"450":0,"451":0,"452":0,"454":0,"456":0,"457":0,"458":0,"459":0,"461":0,"465":0,"469":0,"470":0,"471":0,"473":0,"477":0,"481":0,"482":0,"483":0,"485":0,"489":0,"490":0,"491":0,"493":0,"498":0,"502":0,"503":0,"504":0,"506":0,"507":0,"511":0,"512":0,"513":0,"515":0,"516":0,"520":0,"521":0,"522":0,"524":0,"525":0,"529":0,"531":0,"532":0,"534":0,"536":0,"539":0,"540":0,"542":0,"544":0,"548":0,"549":0,"551":1,"552":0,"555":0,"556":0,"557":0,"558":0,"559":0,"560":0,"561":0,"562":0,"563":0,"566":0,"567":0,"569":0,"570":0,"572":0,"573":0,"575":0,"576":0,"577":0,"578":0,"580":0,"583":0,"584":0,"585":0,"586":0,"587":0,"588":0,"590":0,"591":0,"593":0,"594":0,"595":0,"597":0,"599":0,"600":0,"602":0,"603":0,"608":0,"609":0,"613":0,"618":0,"619":0,"623":0,"624":0,"626":0,"627":0,"628":0,"629":0,"630":0,"631":0,"633":0,"639":0,"644":0,"645":0,"646":0,"647":0,"651":1,"652":1,"653":0,"654":0,"655":0,"656":0,"657":0,"658":0,"659":0,"660":0,"667":1,"668":0,"669":0,"670":0,"678":1,"679":1,"680":44,"681":44,"682":44,"684":44,"685":36,"686":26,"688":0,"691":10,"703":1,"704":1,"705":1,"706":1,"707":1,"715":1,"722":1,"723":1,"724":1,"726":1,"727":45,"728":45,"729":45,"730":45,"731":45,"732":44,"735":1,"738":1,"739":1,"740":1,"741":1,"742":1,"743":1,"744":1,"746":0,"747":0,"748":0,"749":0,"751":0,"752":0,"755":0,"756":0,"758":0,"762":1,"763":0,"767":1,"768":1,"769":1,"770":1,"771":1,"772":1,"780":1,"781":1,"785":0,"786":0,"787":0,"790":0,"800":1,"801":0,"802":0,"803":0,"804":0,"806":0,"810":1,"818":1,"820":0,"821":0,"822":0,"823":0,"824":0,"825":0,"826":0,"828":0,"829":0,"832":0,"833":0,"836":0,"840":0,"843":1,"844":0,"848":1,"849":5,"851":1}},"/home/travis/build/npmtest/node-npmtest-string/node_modules/string/gulpfile.js":{"path":"/home/travis/build/npmtest/node-npmtest-string/node_modules/string/gulpfile.js","s":{"1":2,"2":0,"3":0,"4":0,"5":0,"6":0,"7":0,"8":0,"9":0,"10":0,"11":0,"12":0,"13":0,"14":0},"b":{"1":[0,0]},"f":{"1":0,"2":0,"3":0,"4":0,"5":0,"6":0},"fnMap":{"1":{"name":"(anonymous_1)","line":14,"loc":{"start":{"line":14,"column":24},"end":{"line":14,"column":35}}},"2":{"name":"(anonymous_2)","line":23,"loc":{"start":{"line":23,"column":25},"end":{"line":23,"column":41}}},"3":{"name":"(anonymous_3)","line":25,"loc":{"start":{"line":25,"column":17},"end":{"line":25,"column":30}}},"4":{"name":"(anonymous_4)","line":29,"loc":{"start":{"line":29,"column":34},"end":{"line":29,"column":46}}},"5":{"name":"(anonymous_5)","line":35,"loc":{"start":{"line":35,"column":19},"end":{"line":35,"column":30}}},"6":{"name":"(anonymous_6)","line":40,"loc":{"start":{"line":40,"column":38},"end":{"line":40,"column":49}}}},"statementMap":{"1":{"start":{"line":1,"column":0},"end":{"line":12,"column":29}},"2":{"start":{"line":14,"column":0},"end":{"line":21,"column":3}},"3":{"start":{"line":15,"column":2},"end":{"line":20,"column":27}},"4":{"start":{"line":23,"column":0},"end":{"line":27,"column":3}},"5":{"start":{"line":24,"column":2},"end":{"line":26,"column":14}},"6":{"start":{"line":25,"column":32},"end":{"line":25,"column":63}},"7":{"start":{"line":25,"column":40},"end":{"line":25,"column":50}},"8":{"start":{"line":25,"column":56},"end":{"line":25,"column":63}},"9":{"start":{"line":29,"column":0},"end":{"line":32,"column":3}},"10":{"start":{"line":30,"column":2},"end":{"line":31,"column":47}},"11":{"start":{"line":35,"column":0},"end":{"line":38,"column":3}},"12":{"start":{"line":36,"column":2},"end":{"line":37,"column":20}},"13":{"start":{"line":40,"column":0},"end":{"line":45,"column":3}},"14":{"start":{"line":41,"column":2},"end":{"line":44,"column":27}}},"branchMap":{"1":{"line":25,"type":"if","locations":[{"start":{"line":25,"column":32},"end":{"line":25,"column":32}},{"start":{"line":25,"column":32},"end":{"line":25,"column":32}}]}},"code":["var gulp = require('gulp'),","  uglify = require('gulp-uglify'),","  rimraf = require('gulp-rimraf'),","  rename = require('gulp-rename'),","  browserify = require('gulp-browserify'),","  SRC = './lib/string.js',","  TEST_SRC = './test/string.test.js',","  mochify = require('mochify'),","  DEST = 'dist',","  mocha = require('gulp-mocha'),","  SRC_COMPILED = 'string.js',","  MIN_FILE = 'string.min.js';","","gulp.task('browserify', function() {","  return gulp.src(SRC)","    .pipe(browserify({","      detectGlobals: true,","      standalone: 'S'","    }))","    .pipe(gulp.dest(DEST));","});","","gulp.task('browserTest', function (done) {","  return mochify( { wd: true } )","    .on('error', function(err){ if(err) done(err); else done(); })","    .bundle();","});","","gulp.task('test', ['browserify'], function () {","  return gulp.src(TEST_SRC, {read: false})","    .pipe(mocha({reporter: 'spec', growl: 1}));","});","","","gulp.task('clean', function() {","  return gulp.src(DEST)","    .pipe(rimraf());","});","","gulp.task('build', ['test', 'clean'], function() {","  gulp.src(DEST + '/' + SRC_COMPILED)","    .pipe(uglify())","    .pipe(rename(MIN_FILE))","    .pipe(gulp.dest(DEST));","});"],"l":{"1":2,"14":0,"15":0,"23":0,"24":0,"25":0,"29":0,"30":0,"35":0,"36":0,"40":0,"41":0}},"/home/travis/build/npmtest/node-npmtest-string/node_modules/string/lib/_count.js":{"path":"/home/travis/build/npmtest/node-npmtest-string/node_modules/string/lib/_count.js","s":{"1":1,"2":0,"3":0,"4":0,"5":0,"6":0,"7":0,"8":1},"b":{},"f":{"1":0},"fnMap":{"1":{"name":"count","line":1,"loc":{"start":{"line":1,"column":0},"end":{"line":1,"column":29}}}},"statementMap":{"1":{"start":{"line":1,"column":0},"end":{"line":11,"column":1}},"2":{"start":{"line":2,"column":2},"end":{"line":2,"column":15}},"3":{"start":{"line":3,"column":2},"end":{"line":3,"column":32}},"4":{"start":{"line":5,"column":2},"end":{"line":8,"column":3}},"5":{"start":{"line":6,"column":4},"end":{"line":6,"column":14}},"6":{"start":{"line":7,"column":4},"end":{"line":7,"column":39}},"7":{"start":{"line":10,"column":2},"end":{"line":10,"column":14}},"8":{"start":{"line":13,"column":0},"end":{"line":13,"column":22}}},"branchMap":{},"code":["function count(self, substr) {","  var count = 0","  var pos = self.indexOf(substr)","","  while (pos >= 0) {","    count += 1","    pos = self.indexOf(substr, pos + 1)","  }","","  return count","}","","module.exports = count"],"l":{"1":1,"2":0,"3":0,"5":0,"6":0,"7":0,"10":0,"13":1}},"/home/travis/build/npmtest/node-npmtest-string/node_modules/string/lib/_splitLeft.js":{"path":"/home/travis/build/npmtest/node-npmtest-string/node_modules/string/lib/_splitLeft.js","s":{"1":1,"2":0,"3":0,"4":0,"5":0,"6":0,"7":0,"8":0,"9":0,"10":0,"11":0,"12":0,"13":0,"14":0,"15":1},"b":{"1":[0,0],"2":[0,0],"3":[0,0],"4":[0,0]},"f":{"1":0},"fnMap":{"1":{"name":"splitLeft","line":1,"loc":{"start":{"line":1,"column":0},"end":{"line":1,"column":47}}}},"statementMap":{"1":{"start":{"line":1,"column":0},"end":{"line":25,"column":1}},"2":{"start":{"line":3,"column":2},"end":{"line":5,"column":3}},"3":{"start":{"line":4,"column":4},"end":{"line":4,"column":22}},"4":{"start":{"line":7,"column":2},"end":{"line":7,"column":36}},"5":{"start":{"line":8,"column":2},"end":{"line":8,"column":50}},"6":{"start":{"line":9,"column":2},"end":{"line":9,"column":47}},"7":{"start":{"line":11,"column":2},"end":{"line":15,"column":3}},"8":{"start":{"line":12,"column":4},"end":{"line":12,"column":29}},"9":{"start":{"line":14,"column":4},"end":{"line":14,"column":58}},"10":{"start":{"line":17,"column":2},"end":{"line":23,"column":3}},"11":{"start":{"line":18,"column":4},"end":{"line":18,"column":23}},"12":{"start":{"line":19,"column":9},"end":{"line":23,"column":3}},"13":{"start":{"line":20,"column":4},"end":{"line":20,"column":36}},"14":{"start":{"line":22,"column":4},"end":{"line":22,"column":39}},"15":{"start":{"line":27,"column":0},"end":{"line":27,"column":27}}},"branchMap":{"1":{"line":3,"type":"if","locations":[{"start":{"line":3,"column":2},"end":{"line":3,"column":2}},{"start":{"line":3,"column":2},"end":{"line":3,"column":2}}]},"2":{"line":11,"type":"if","locations":[{"start":{"line":11,"column":2},"end":{"line":11,"column":2}},{"start":{"line":11,"column":2},"end":{"line":11,"column":2}}]},"3":{"line":17,"type":"if","locations":[{"start":{"line":17,"column":2},"end":{"line":17,"column":2}},{"start":{"line":17,"column":2},"end":{"line":17,"column":2}}]},"4":{"line":19,"type":"if","locations":[{"start":{"line":19,"column":9},"end":{"line":19,"column":9}},{"start":{"line":19,"column":9},"end":{"line":19,"column":9}}]}},"code":["function splitLeft(self, sep, maxSplit, limit) {","","  if (typeof maxSplit === 'undefined') {","    var maxSplit = -1;","  }","","  var splitResult = self.split(sep);","  var splitPart1 = splitResult.slice(0, maxSplit);","  var splitPart2 = splitResult.slice(maxSplit);","","  if (splitPart2.length === 0) {","    splitResult = splitPart1;","  } else {","    splitResult = splitPart1.concat(splitPart2.join(sep));","  }","","  if (typeof limit === 'undefined') {","    return splitResult;","  } else if (limit < 0) {","    return splitResult.slice(limit);","  } else {","    return splitResult.slice(0, limit);","  }","","}","","module.exports = splitLeft;",""],"l":{"1":1,"3":0,"4":0,"7":0,"8":0,"9":0,"11":0,"12":0,"14":0,"17":0,"18":0,"19":0,"20":0,"22":0,"27":1}},"/home/travis/build/npmtest/node-npmtest-string/node_modules/string/lib/_splitRight.js":{"path":"/home/travis/build/npmtest/node-npmtest-string/node_modules/string/lib/_splitRight.js","s":{"1":1,"2":0,"3":0,"4":0,"5":0,"6":0,"7":0,"8":0,"9":0,"10":0,"11":0,"12":0,"13":0,"14":1},"b":{"1":[0,0],"2":[0,0],"3":[0,0],"4":[0,0,0],"5":[0,0]},"f":{"1":0},"fnMap":{"1":{"name":"splitRight","line":1,"loc":{"start":{"line":1,"column":0},"end":{"line":1,"column":48}}}},"statementMap":{"1":{"start":{"line":1,"column":0},"end":{"line":29,"column":1}},"2":{"start":{"line":3,"column":2},"end":{"line":5,"column":3}},"3":{"start":{"line":4,"column":4},"end":{"line":4,"column":22}},"4":{"start":{"line":6,"column":2},"end":{"line":8,"column":3}},"5":{"start":{"line":7,"column":4},"end":{"line":7,"column":18}},"6":{"start":{"line":10,"column":2},"end":{"line":10,"column":27}},"7":{"start":{"line":12,"column":2},"end":{"line":21,"column":3}},"8":{"start":{"line":14,"column":4},"end":{"line":20,"column":5}},"9":{"start":{"line":18,"column":6},"end":{"line":18,"column":67}},"10":{"start":{"line":19,"column":6},"end":{"line":19,"column":49}},"11":{"start":{"line":23,"column":2},"end":{"line":27,"column":3}},"12":{"start":{"line":24,"column":4},"end":{"line":24,"column":37}},"13":{"start":{"line":26,"column":4},"end":{"line":26,"column":40}},"14":{"start":{"line":31,"column":0},"end":{"line":31,"column":28}}},"branchMap":{"1":{"line":3,"type":"if","locations":[{"start":{"line":3,"column":2},"end":{"line":3,"column":2}},{"start":{"line":3,"column":2},"end":{"line":3,"column":2}}]},"2":{"line":6,"type":"if","locations":[{"start":{"line":6,"column":2},"end":{"line":6,"column":2}},{"start":{"line":6,"column":2},"end":{"line":6,"column":2}}]},"3":{"line":14,"type":"if","locations":[{"start":{"line":14,"column":4},"end":{"line":14,"column":4}},{"start":{"line":14,"column":4},"end":{"line":14,"column":4}}]},"4":{"line":15,"type":"binary-expr","locations":[{"start":{"line":15,"column":6},"end":{"line":15,"column":48}},{"start":{"line":16,"column":7},"end":{"line":16,"column":37}},{"start":{"line":16,"column":41},"end":{"line":16,"column":56}}]},"5":{"line":23,"type":"if","locations":[{"start":{"line":23,"column":2},"end":{"line":23,"column":2}},{"start":{"line":23,"column":2},"end":{"line":23,"column":2}}]}},"code":["function splitRight(self, sep, maxSplit, limit) {","","  if (typeof maxSplit === 'undefined') {","    var maxSplit = -1;","  }","  if (typeof limit === 'undefined') {","    var limit = 0;","  }","","  var splitResult = [self];","","  for (var i = self.length-1; i >= 0; i--) {","","    if (","      splitResult[0].slice(i).indexOf(sep) === 0 &&","      (splitResult.length <= maxSplit || maxSplit === -1)","    ) {","      splitResult.splice(1, 0, splitResult[0].slice(i+sep.length)); // insert","      splitResult[0] = splitResult[0].slice(0, i)","    }","  }","","  if (limit >= 0) {","    return splitResult.slice(-limit);","  } else {","    return splitResult.slice(0, -limit);","  }","","}","","module.exports = splitRight;",""],"l":{"1":1,"3":0,"4":0,"6":0,"7":0,"10":0,"12":0,"14":0,"18":0,"19":0,"23":0,"24":0,"26":0,"31":1}}}